1
 
 
 
 
                      Warning: This computer program is protected by copyright law and international treaties.       
                  Unauthorized use, reproduction or distribution of this computer program, or any portion of it, may 
                                          result in severe civil and criminal penalties.                             
                         Copyright (C) 2023 Hexagon AB and/or its subsidiaries. All rights reserved.                 
 
 
                                              * * * * * * * * * * * * * * * * * * * *
                                              * * * * * * * * * * * * * * * * * * * *
                                              * *                                 * *
                                              * *           Hexagon AB            * *
                                              * *                                 * *
                                              * *                                 * *
                                              * *      M S C   N a s t r a n      * *
                                              * *                                 * *
                                              * *  S T U D E N T   E D I T I O N  * *
                                              * *                                 * *
                                              * *     Version 2023.1-CL914096     * *
                                              * *                                 * *
                                              * *                                 * *
                                              * *                                 * *
                                              * *          MAR 30, 2023           * *
                                              * *                                 * *
                                              * *              Intel              * *
                                              * *MODEL Intel(R) Core(TM) i7-8750H * *
                                              * *    Windows 10 Home 6.2 9200     * *
                                              * * Compiled for 8664 (SINGLE Mode) * *
                                              * *                                 * *
                                              * * * * * * * * * * * * * * * * * * * *
                                              * * * * * * * * * * * * * * * * * * * *

 
 
                                                 This Student Edition version is  
                                                    valid until MAR 15, 2025.     
 
 
                  This program is being distributed as part of the Hexagon AB Student Edition. Use of this program   
                     or its results at a commercial installation, for commercial purposes, or for production work    
                                             I S   S T R I C T L Y  P R O H I B I T E D.                             
                  ==================================== FOR EDUCATIONAL USE ONLY =====================================
 
 
1News file - (February 21st, 2023)
  
               Welcome to MSC Nastran 2023.1
  
   MSC Nastran brings powerful new features and enhancements for engineering
   solutions in several releases through the year. Key enhancements in
   Version 2023.1 are summarized below. Addtional details can be found in
   the MSC Nastran Version 2023.1 Release Guide.
  
     MSC Nastran 2023.1 Features and Enhancements
  
     HPC
     - Reduced memory requirements for ACMS when large numbers of RBE3 elements
       are present in the model
     - Support for AMD AOCL libraries
  
     Documentation
     - The complete documentation set is provided in a separate installer and
       when installed is available at: MSC_DOC_DIR/doc/pdf_nastran directory,
       where MSC_DOC_DIR is the directory where documentation was installed.
       This help set includes cross references between documents, and links to
       how-to videos, and example files
  
     Individual MSC Nastran documents are available for download from the
       Simcompanion Website at:
       http://simcompanion.hexagon.com/
  
     These documents were updated for the MSC Nastran 2023.1 Release
  
         1.  MSC Nastran 2023.1 Installation and Operations Guide
         2.  MSC Nastran 2023.1 Quick Reference Guide
         3.  MSC Nastran 2023.1 Release Guide
         4.  MSC Nastran 2023.1 Linear Statics Analysis User's Guide
         5.  MSC Nastran 2023.1 Dynamic Analysis User's Guide
         6.  MSC Nastran 2023.1 Superelements User's Guide
         7.  MSC Nastran 2023.1 Rotordynamics User's Guide
         8.  MSC Nastran 2023.1 Demonstration Problems Manual
         9.  MSC Nastran 2023.1 Nastran Embedded Fatigue User's Guide
        10.  MSC Nastran 2023.1 Design Sensitivity and Optimization
        11.  MSC Nastran 2023.1 Nonlinear User's Guide SOL 400
        12.  MSC Nastran 2023.1 DMAP Programmer's Guide
        13.  MSC Nastran 2023.1 High Performance Computing User's Guide
        14.  MSC Nastran 2023.1 New Verification Manual
        15.  MSC Nastran 2023.1 DEMATD Guide
        16.  MSC Nastran 2023.1 Explicit Nonlinear (SOL 700) User's Guide
        17.  MSC Nastran 2023.1 ACMS User's Guide
  
   Please refer to  MSC_DOC_DIR/doc/pdf_nastran/nastran_library.pdf
   for the complete document set:
  
1 
   Additional information about the release can be found at the MSC Nastran
   Product Support page: http://simcompanion.hexagon.com
  
   The support page provides links to these valuable information:
      * A searchable Knowledge Base containing examples and answers to thousands
        of frequently asked questions written by MSC Software subject-matter
        experts.
      * Peer-to-peer Discussion Forums enabling you to post questions for your
        MSC Software products and receive answers from other users worldwide.
      * A list of known issues with the product and any workarounds.
      * Instructions on how to contact technical support
      * A mechanism for sending us product feedback or enhancement requests.
      * Hardware and software requirements.
      * Examples and Tutorials
      * and much more.
  
   For information on training, please visit our Training web site
  
      https://www.mscsoftware.com/msc-training
  
1                                                       **STUDENT EDITION* FEBRUARY  12, 2024  MSC Nastran  3/30/23   PAGE     1
                                                                                                                                    
0        N A S T R A N    F I L E    A N D    S Y S T E M    P A R A M E T E R    E C H O                                           
0                                                                                                                                   
                                                                                                                                    
                                                                                                                                    
     NASTRAN BUFFSIZE=8193 $(D:/NASTRAN/NASTRAN/CONF/NAST20231.RCF[2])               
     INIT MASTER(S)                                                                  
     NASTRAN OP2NEW=0,SYSTEM(319)=1                                                  
1                                                       **STUDENT EDITION* FEBRUARY  12, 2024  MSC Nastran  3/30/23   PAGE     2
                                                                                                                                    
0        N A S T R A N    E X E C U T I V E    C O N T R O L    E C H O                                                             
0                                                                                                                                   
                                                                                                                                    
                                                                                                                                    
     ID GENELSIMPLE,FEMAP                                                                    
     SOL SESTATIC                                                                            
     CEND                                                                                    
1    STATIC                                             **STUDENT EDITION* FEBRUARY  12, 2024  MSC Nastran  3/30/23   PAGE     3
                                                                                                                                    
0                                                                                                                                   
0                                        C A S E    C O N T R O L    E C H O                                                        
                 COMMAND                                                                                                            
                 COUNT                                                                                                              
                  1        TITLE = STATIC                                                                        
                  2        ECHO = NONE                                                                           
                  3        DISPLACEMENT(PRINT) = ALL                                                             
                  4        SPCFORCE(PRINT) = ALL                                                                 
                  5        OLOAD(PRINT) = ALL                                                                    
                  6        FORCE(PRINT,CORNER) = ALL                                                             
                  7        STRESS(PRINT,CORNER) = ALL                                                            
                  8        SPC = 1                                                                               
                  9        LOAD = 1                                                                              
                 10      BEGIN BULK                                                                              
1    STATIC                                             **STUDENT EDITION* FEBRUARY  12, 2024  MSC Nastran  3/30/23   PAGE     4
                                                                                                                                    
0                                                                                                                                   
                                        M O D E L   S U M M A R Y          BULK = 0
                                   ENTRY NAME        NUMBER OF ENTRIES
                                   ----------        -----------------
                                         CBAR                        1
                                       CORD2C                        1
                                       CORD2S                        1
                                        FORCE                        1
                                         GRID                        2
                                         MAT1                        1
                                        PARAM                        6
                                         PBAR                        1
                                         SPC1                        2

 ^^^     
 ^^^ >>> IFP OPERATIONS COMPLETE <<< 
 ^^^     
 *** USER INFORMATION MESSAGE 4109 (OUTPX2)
     THE LABEL IS XXXXXXXX FOR FORTRAN UNIT    12
     (MAXIMUM SIZE OF FORTRAN RECORDS WRITTEN =          7 WORDS.)
           (NUMBER OF FORTRAN RECORDS WRITTEN =          8 RECORDS.)
                (TOTAL DATA WRITTEN FOR LABEL =         17 WORDS.)
1    STATIC                                             **STUDENT EDITION* FEBRUARY  12, 2024  MSC Nastran  3/30/23   PAGE     5
                                                                                                                                    
0                                                                                                                                   
0 RESULTANTS ABOUT ORIGIN OF SUPERELEMENT BASIC COORDINATE SYSTEM IN SUPERELEMENT BASIC SYSTEM COORDINATES.

0                                                  OLOAD    RESULTANT       
  SUBCASE/    LOAD
  DAREA ID    TYPE       T1            T2            T3            R1            R2            R3
0        1     FX    0.000000E+00     ----          ----          ----       0.000000E+00  0.000000E+00                             
               FY       ----       0.000000E+00     ----       0.000000E+00     ----       0.000000E+00                             
               FZ       ----          ----       1.000000E+00  1.000000E+00  0.000000E+00     ----                                  
               MX       ----          ----          ----       0.000000E+00     ----          ----                                  
               MY       ----          ----          ----          ----       0.000000E+00     ----                                  
               MZ       ----          ----          ----          ----          ----       0.000000E+00                             
             TOTALS  0.000000E+00  0.000000E+00  1.000000E+00  1.000000E+00  0.000000E+00  0.000000E+00
1    STATIC                                             **STUDENT EDITION* FEBRUARY  12, 2024  MSC Nastran  3/30/23   PAGE     6
                                                                                                                                    
0                                                                                                                                   
  
 *** SYSTEM INFORMATION MESSAGE 4159 (DFMSA)
     THE DECOMPOSITION OF KLL      YIELDS A MAXIMUM MATRIX-TO-FACTOR-DIAGONAL RATIO OF    1.000000E+00
 ^^^     
 *** USER INFORMATION MESSAGE 15201 (SUBDMAP SEKRRS)
      Condition number of stiffness matrix = 1.000000E+00
 ^^^     
 *** USER INFORMATION MESSAGE 5293 (SSG3B)
    FOR DATA BLOCK KLL     
    LOAD SEQ. NO.             EPSILON              EXTERNAL WORK      EPSILONS LARGER THAN 0.001 ARE FLAGGED WITH ASTERISKS
    User information:
    One line of output is printed for each static loading condition.
    Small values of EPSILON are due to accumulated round-off error. Large
    values of EPSILON indicate possible singularities in the stiffness
    matrix.  See Section 9.5.1.
                1         -1.1102230E-16          7.3663846E-08
1    STATIC                                             **STUDENT EDITION* FEBRUARY  12, 2024  MSC Nastran  3/30/23   PAGE     7
                                                                                                                                    
0                                                                                                                                   
0 RESULTANTS ABOUT ORIGIN OF SUPERELEMENT BASIC COORDINATE SYSTEM IN SUPERELEMENT BASIC SYSTEM COORDINATES.

0                                                  SPCFORCE RESULTANT       
  SUBCASE/    LOAD
  DAREA ID    TYPE       T1            T2            T3            R1            R2            R3
0        1     FX    0.000000E+00     ----          ----          ----       0.000000E+00  0.000000E+00                             
               FY       ----       0.000000E+00     ----       0.000000E+00     ----       0.000000E+00                             
               FZ       ----          ----      -1.000000E+00  0.000000E+00  0.000000E+00     ----                                  
               MX       ----          ----          ----      -1.000000E+00     ----          ----                                  
               MY       ----          ----          ----          ----       0.000000E+00     ----                                  
               MZ       ----          ----          ----          ----          ----       0.000000E+00                             
             TOTALS  0.000000E+00  0.000000E+00 -1.000000E+00 -1.000000E+00  0.000000E+00  0.000000E+00
 *** USER INFORMATION MESSAGE 4114 (OUTPX2)
     DATA BLOCK OQG1     WRITTEN ON FORTRAN UNIT    12 IN BINARY (LTLEND) FORMAT USING NDDL DESCRIPTION FOR OQG1, TRL =
                    101                 0                16                 0                 0                 0                 1
     NAME OF DATA BLOCK WRITTEN ON FORTRAN UNIT IS OQG1    
        (MAXIMUM POSSIBLE FORTRAN RECORD SIZE =       16386 WORDS.)
     (MAXIMUM SIZE OF FORTRAN RECORDS WRITTEN =         146 WORDS.)
           (NUMBER OF FORTRAN RECORDS WRITTEN =          20 RECORDS.)
           (TOTAL DATA WRITTEN FOR DATA BLOCK =         195 WORDS.)
 *** USER INFORMATION MESSAGE 4114 (OUTPX2)
     DATA BLOCK OUG1     WRITTEN ON FORTRAN UNIT    12 IN BINARY (LTLEND) FORMAT USING NDDL DESCRIPTION FOR OUG1, TRL =
                    101                 0                16                 0                 0                 0                 1
     NAME OF DATA BLOCK WRITTEN ON FORTRAN UNIT IS OUG1    
        (MAXIMUM POSSIBLE FORTRAN RECORD SIZE =       16386 WORDS.)
     (MAXIMUM SIZE OF FORTRAN RECORDS WRITTEN =         146 WORDS.)
           (NUMBER OF FORTRAN RECORDS WRITTEN =          20 RECORDS.)
           (TOTAL DATA WRITTEN FOR DATA BLOCK =         195 WORDS.)
1    STATIC                                             **STUDENT EDITION* FEBRUARY  12, 2024  MSC Nastran  3/30/23   PAGE     8
                                                                                                                                    
0                                                                                                                                   
 
                                             D I S P L A C E M E N T   V E C T O R
 
      POINT ID.   TYPE          T1             T2             T3             R1             R2             R3
             1      G      0.0            0.0            1.473277E-07   0.0            0.0            0.0
             2      G      0.0            0.0            0.0            0.0            0.0            0.0
1    STATIC                                             **STUDENT EDITION* FEBRUARY  12, 2024  MSC Nastran  3/30/23   PAGE     9
                                                                                                                                    
0                                                                                                                                   
 
                                                     L O A D   V E C T O R
 
      POINT ID.   TYPE          T1             T2             T3             R1             R2             R3
             1      G      0.0            0.0            1.000000E+00   0.0            0.0            0.0
1    STATIC                                             **STUDENT EDITION* FEBRUARY  12, 2024  MSC Nastran  3/30/23   PAGE    10
                                                                                                                                    
0                                                                                                                                   
 
                               F O R C E S   O F   S I N G L E - P O I N T   C O N S T R A I N T
 
      POINT ID.   TYPE          T1             T2             T3             R1             R2             R3
             1      G      0.0            0.0            0.0           -5.000000E-01   0.0            0.0
             2      G      0.0            0.0           -1.000000E+00  -5.000000E-01   0.0            0.0
1    STATIC                                             **STUDENT EDITION* FEBRUARY  12, 2024  MSC Nastran  3/30/23   PAGE    11
                                                                                                                                    
0                                                                                                                                   
 
                                 F O R C E S   I N   B A R   E L E M E N T S         ( C B A R )
0    ELEMENT         BEND-MOMENT END-A            BEND-MOMENT END-B                - SHEAR -               AXIAL
       ID.         PLANE 1       PLANE 2        PLANE 1       PLANE 2        PLANE 1       PLANE 2         FORCE         TORQUE
            1     0.0          -5.000000E-01   0.0           5.000000E-01   0.0          -1.000000E+00   0.0            0.0
1    STATIC                                             **STUDENT EDITION* FEBRUARY  12, 2024  MSC Nastran  3/30/23   PAGE    12
                                                                                                                                    
0                                                                                                                                   
 
                                 S T R E S S E S   I N   B A R   E L E M E N T S          ( C B A R )
  ELEMENT        SA1            SA2            SA3            SA4           AXIAL          SA-MAX         SA-MIN     M.S.-T
    ID.          SB1            SB2            SB3            SB4           STRESS         SB-MAX         SB-MIN     M.S.-C
0       1   -3.000012E+03  -3.000012E+03   3.000012E+03   3.000012E+03   0.0            3.000012E+03  -3.000012E+03 
             3.000012E+03   3.000012E+03  -3.000012E+03  -3.000012E+03                  3.000012E+03  -3.000012E+03 
 *** USER INFORMATION MESSAGE 4114 (OUTPX2)
     DATA BLOCK OEF1X    WRITTEN ON FORTRAN UNIT    12 IN BINARY (LTLEND) FORMAT USING NDDL DESCRIPTION FOR OEF1X, TRL =
                    101                63                 2                12                24                 0                 1
     NAME OF DATA BLOCK WRITTEN ON FORTRAN UNIT IS OEF1X   
        (MAXIMUM POSSIBLE FORTRAN RECORD SIZE =       16386 WORDS.)
     (MAXIMUM SIZE OF FORTRAN RECORDS WRITTEN =         146 WORDS.)
           (NUMBER OF FORTRAN RECORDS WRITTEN =          20 RECORDS.)
           (TOTAL DATA WRITTEN FOR DATA BLOCK =         188 WORDS.)
 *** USER INFORMATION MESSAGE 4114 (OUTPX2)
     DATA BLOCK OES1X1   WRITTEN ON FORTRAN UNIT    12 IN BINARY (LTLEND) FORMAT USING NDDL DESCRIPTION FOR OES1X1, TRL =
                    101                63                 2                12                24                 0                 1
     NAME OF DATA BLOCK WRITTEN ON FORTRAN UNIT IS OES1X1  
        (MAXIMUM POSSIBLE FORTRAN RECORD SIZE =       16386 WORDS.)
     (MAXIMUM SIZE OF FORTRAN RECORDS WRITTEN =         146 WORDS.)
           (NUMBER OF FORTRAN RECORDS WRITTEN =          20 RECORDS.)
           (TOTAL DATA WRITTEN FOR DATA BLOCK =         195 WORDS.)
 *** USER INFORMATION MESSAGE 4114 (OUTPX2)
     DATA BLOCK OPG1     WRITTEN ON FORTRAN UNIT    12 IN BINARY (LTLEND) FORMAT USING NDDL DESCRIPTION FOR OPG, TRL =
                    101                 0                16                 0                 0                 0                 1
     NAME OF DATA BLOCK WRITTEN ON FORTRAN UNIT IS OPG1    
        (MAXIMUM POSSIBLE FORTRAN RECORD SIZE =       16386 WORDS.)
     (MAXIMUM SIZE OF FORTRAN RECORDS WRITTEN =         146 WORDS.)
           (NUMBER OF FORTRAN RECORDS WRITTEN =          20 RECORDS.)
           (TOTAL DATA WRITTEN FOR DATA BLOCK =         195 WORDS.)
 *** USER INFORMATION MESSAGE 4110 (OUTPX2)
                                 END-OF-DATA SIMULATION ON FORTRAN UNIT    12
                                 (MAXIMUM SIZE OF FORTRAN RECORDS WRITTEN =      1 WORDS.)
                                       (NUMBER OF FORTRAN RECORDS WRITTEN =      1 RECORDS.)
                                       (TOTAL DATA WRITTEN FOR EOF MARKER =      1 WORDS.)
1    STATIC                                             **STUDENT EDITION* FEBRUARY  12, 2024  MSC Nastran  3/30/23   PAGE    13
                                                                                                                                    
0                                                                                                                                   
 * * * *  D B D I C T   P R I N T  * * * *      SUBDMAP = PRTSUM  ,  DMAP STATEMENT NO.     74



0                                   * * * *  A N A L Y S I S  S U M M A R Y  T A B L E  * * * *
0 SEID  PEID PROJ VERS APRCH      SEMG SEMR SEKR SELG SELR MODES DYNRED SOLLIN SOLNL LOOPID DESIGN CYCLE SENSITIVITY
 -------------------------------------------------------------------------------------------------------------------
     0     0    1    1 '        '    T    T    T    T    T     F      F      T     F     -1            0           F
0SEID = SUPERELEMENT ID.
 PEID = PRIMARY SUPERELEMENT ID OF IMAGE SUPERELEMENT.
 PROJ = PROJECT ID NUMBER.
 VERS = VERSION ID.
 APRCH = BLANK FOR STRUCTURAL ANALYSIS.  HEAT FOR HEAT TRANSFER ANALYSIS.
 SEMG = STIFFNESS AND MASS MATRIX GENERATION STEP.
 SEMR = MASS MATRIX REDUCTION STEP (INCLUDES EIGENVALUE SOLUTION FOR MODES).
 SEKR = STIFFNESS MATRIX REDUCTION STEP.
 SELG = LOAD MATRIX GENERATION STEP.
 SELR = LOAD MATRIX REDUCTION STEP. 
 MODES = T (TRUE) IF NORMAL MODES OR BUCKLING MODES CALCULATED.
 DYNRED = T (TRUE) MEANS GENERALIZED DYNAMIC AND/OR COMPONENT MODE REDUCTION PERFORMED.
 SOLLIN = T (TRUE) IF LINEAR SOLUTION EXISTS IN DATABASE.
 LOOPID = THE LAST LOOPID VALUE USED IN THE NONLINEAR ANALYSIS.  USEFUL FOR RESTARTS.
 SOLNL = T (TRUE) IF NONLINEAR SOLUTION EXISTS IN DATABASE.
 DESIGN CYCLE = THE LAST DESIGN CYCLE (ONLY VALID IN OPTIMIZATION).
 SENSITIVITY = SENSITIVITY MATRIX GENERATION FLAG.
 
 No PARAM values were set in the Control File.
 
1                                        * * * END OF JOB * * *
 
 
 No Symbolic Replacement variables or values were specified.

