1
 
 
 
 
                      Warning: This computer program is protected by copyright law and international treaties.       
                  Unauthorized use, reproduction or distribution of this computer program, or any portion of it, may 
                                          result in severe civil and criminal penalties.                             
                         Copyright (C) 2023 Hexagon AB and/or its subsidiaries. All rights reserved.                 
 
 
                                              * * * * * * * * * * * * * * * * * * * *
                                              * * * * * * * * * * * * * * * * * * * *
                                              * *                                 * *
                                              * *           Hexagon AB            * *
                                              * *                                 * *
                                              * *                                 * *
                                              * *      M S C   N a s t r a n      * *
                                              * *                                 * *
                                              * *  S T U D E N T   E D I T I O N  * *
                                              * *                                 * *
                                              * *     Version 2023.1-CL914096     * *
                                              * *                                 * *
                                              * *                                 * *
                                              * *                                 * *
                                              * *          MAR 30, 2023           * *
                                              * *                                 * *
                                              * *              Intel              * *
                                              * *MODEL Intel(R) Core(TM) i7-8750H * *
                                              * *    Windows 10 Home 6.2 9200     * *
                                              * * Compiled for 8664 (SINGLE Mode) * *
                                              * *                                 * *
                                              * * * * * * * * * * * * * * * * * * * *
                                              * * * * * * * * * * * * * * * * * * * *

 
 
                                                 This Student Edition version is  
                                                    valid until MAR 15, 2025.     
 
 
                  This program is being distributed as part of the Hexagon AB Student Edition. Use of this program   
                     or its results at a commercial installation, for commercial purposes, or for production work    
                                             I S   S T R I C T L Y  P R O H I B I T E D.                             
                  ==================================== FOR EDUCATIONAL USE ONLY =====================================
 
 
1News file - (February 21st, 2023)
  
               Welcome to MSC Nastran 2023.1
  
   MSC Nastran brings powerful new features and enhancements for engineering
   solutions in several releases through the year. Key enhancements in
   Version 2023.1 are summarized below. Addtional details can be found in
   the MSC Nastran Version 2023.1 Release Guide.
  
     MSC Nastran 2023.1 Features and Enhancements
  
     HPC
     - Reduced memory requirements for ACMS when large numbers of RBE3 elements
       are present in the model
     - Support for AMD AOCL libraries
  
     Documentation
     - The complete documentation set is provided in a separate installer and
       when installed is available at: MSC_DOC_DIR/doc/pdf_nastran directory,
       where MSC_DOC_DIR is the directory where documentation was installed.
       This help set includes cross references between documents, and links to
       how-to videos, and example files
  
     Individual MSC Nastran documents are available for download from the
       Simcompanion Website at:
       http://simcompanion.hexagon.com/
  
     These documents were updated for the MSC Nastran 2023.1 Release
  
         1.  MSC Nastran 2023.1 Installation and Operations Guide
         2.  MSC Nastran 2023.1 Quick Reference Guide
         3.  MSC Nastran 2023.1 Release Guide
         4.  MSC Nastran 2023.1 Linear Statics Analysis User's Guide
         5.  MSC Nastran 2023.1 Dynamic Analysis User's Guide
         6.  MSC Nastran 2023.1 Superelements User's Guide
         7.  MSC Nastran 2023.1 Rotordynamics User's Guide
         8.  MSC Nastran 2023.1 Demonstration Problems Manual
         9.  MSC Nastran 2023.1 Nastran Embedded Fatigue User's Guide
        10.  MSC Nastran 2023.1 Design Sensitivity and Optimization
        11.  MSC Nastran 2023.1 Nonlinear User's Guide SOL 400
        12.  MSC Nastran 2023.1 DMAP Programmer's Guide
        13.  MSC Nastran 2023.1 High Performance Computing User's Guide
        14.  MSC Nastran 2023.1 New Verification Manual
        15.  MSC Nastran 2023.1 DEMATD Guide
        16.  MSC Nastran 2023.1 Explicit Nonlinear (SOL 700) User's Guide
        17.  MSC Nastran 2023.1 ACMS User's Guide
  
   Please refer to  MSC_DOC_DIR/doc/pdf_nastran/nastran_library.pdf
   for the complete document set:
  
1 
   Additional information about the release can be found at the MSC Nastran
   Product Support page: http://simcompanion.hexagon.com
  
   The support page provides links to these valuable information:
      * A searchable Knowledge Base containing examples and answers to thousands
        of frequently asked questions written by MSC Software subject-matter
        experts.
      * Peer-to-peer Discussion Forums enabling you to post questions for your
        MSC Software products and receive answers from other users worldwide.
      * A list of known issues with the product and any workarounds.
      * Instructions on how to contact technical support
      * A mechanism for sending us product feedback or enhancement requests.
      * Hardware and software requirements.
      * Examples and Tutorials
      * and much more.
  
   For information on training, please visit our Training web site
  
      https://www.mscsoftware.com/msc-training
  
1                                                       **STUDENT EDITION* DECEMBER   9, 2023  MSC Nastran  3/30/23   PAGE     1
                                                                                                                                    
0        N A S T R A N    F I L E    A N D    S Y S T E M    P A R A M E T E R    E C H O                                           
0                                                                                                                                   
                                                                                                                                    
                                                                                                                                    
     NASTRAN BUFFSIZE=8193 $(D:/NASTRAN/NASTRAN/CONF/NAST20231.RCF[2])               
     INIT MASTER(S)                                                                  
     NASTRAN SYSTEM(319)=1                                                           
1                                                       **STUDENT EDITION* DECEMBER   9, 2023  MSC Nastran  3/30/23   PAGE     2
                                                                                                                                    
0        N A S T R A N    E X E C U T I V E    C O N T R O L    E C H O                                                             
0                                                                                                                                   
                                                                                                                                    
                                                                                                                                    
     ID GOLANDWING,FEMAP                                                                     
     SOL SEFLUTTR                                                                            
     CEND                                                                                    
1    FLUTTER                                            **STUDENT EDITION* DECEMBER   9, 2023  MSC Nastran  3/30/23   PAGE     3
                                                                                                                                    
0                                                                                                                                   
0                                        C A S E    C O N T R O L    E C H O                                                        
                 COMMAND                                                                                                            
                 COUNT                                                                                                              
                  1        TITLE = FLUTTER                                                                       
                  2        ECHO = NONE                                                                           
                  3        DISPLACEMENT(PRINT) = ALL                                                             
                  4        SPCFORCE(PRINT) = ALL                                                                 
                  5        STRESS(PRINT,CORNER) = ALL                                                            
                  6        AEROF = ALL                                                                           
                  7        SPC = 1                                                                               
                  8        CMETHOD = 1                                                                           
                  9        METHOD = 1                                                                            
                 10        FMETHOD = 1                                                                           
                 11      BEGIN BULK                                                                              
1    FLUTTER                                            **STUDENT EDITION* DECEMBER   9, 2023  MSC Nastran  3/30/23   PAGE     4
                                                                                                                                    
0                                                                                                                                   
                                        M O D E L   S U M M A R Y          BULK = 0
                                   ENTRY NAME        NUMBER OF ENTRIES
                                   ----------        -----------------
                                         AERO                        1
                                       CAERO1                        1
                                         CBAR                       10
                                       CELAS2                        2
                                        CONM2                       13
                                       CORD2C                        1
                                       CORD2S                        1
                                         EIGC                        1
                                        EIGRL                        1
                                       FLFACT                        3
                                      FLUTTER                        1
                                         GRID                       39
                                         MAT1                        1
                                      MKAERO2                       20
                                       PAERO1                        1
                                        PARAM                        6
                                         PBAR                        1
                                         RBE2                       14
                                         SET1                        1
                                         SPC1                        1
                                      SPLINE1                        1

 ^^^     
 ^^^ >>> IFP OPERATIONS COMPLETE <<< 
 ^^^     
 *** USER INFORMATION MESSAGE 4109 (OUTPX2)
     THE LABEL IS XXXXXXXX FOR FORTRAN UNIT    12
     (MAXIMUM SIZE OF FORTRAN RECORDS WRITTEN =          7 WORDS.)
           (NUMBER OF FORTRAN RECORDS WRITTEN =          8 RECORDS.)
                (TOTAL DATA WRITTEN FOR LABEL =         17 WORDS.)
1    FLUTTER                                            **STUDENT EDITION* DECEMBER   9, 2023  MSC Nastran  3/30/23   PAGE     5
                                                                                                                                    
0                                                                                                                                   
                           O U T P U T   F R O M   G R I D   P O I N T   W E I G H T   G E N E R A T O R
0                                                     REFERENCE POINT =        0
                                                                M O
                      *  2.612256E+02  0.000000E+00  0.000000E+00  0.000000E+00  0.000000E+00 -9.530381E+02 *
                      *  0.000000E+00  2.612256E+02  0.000000E+00  0.000000E+00  0.000000E+00  4.777816E+01 *
                      *  0.000000E+00  0.000000E+00  2.612256E+02  9.530381E+02 -4.777816E+01  0.000000E+00 *
                      *  0.000000E+00  0.000000E+00  9.530381E+02  4.628540E+03 -1.743107E+02  0.000000E+00 *
                      *  0.000000E+00  0.000000E+00 -4.777816E+01 -1.743107E+02  6.321013E+01  0.000000E+00 *
                      * -9.530381E+02  4.777816E+01  0.000000E+00  0.000000E+00  0.000000E+00  4.637278E+03 *
                                                                 S
                                           *  1.000000E+00  0.000000E+00  0.000000E+00 *
                                           *  0.000000E+00  1.000000E+00  0.000000E+00 *
                                           *  0.000000E+00  0.000000E+00  1.000000E+00 *
                               DIRECTION
                          MASS AXIS SYSTEM (S)     MASS              X-C.G.        Y-C.G.        Z-C.G.
                                  X            2.612256E+02      0.000000E+00  3.648333E+00  0.000000E+00
                                  Y            2.612256E+02      1.829000E-01  0.000000E+00  0.000000E+00
                                  Z            2.612256E+02      1.829000E-01  3.648333E+00  0.000000E+00
                                                                I(S)
                                           *  1.151539E+03  2.842171E-14  0.000000E+00 *
                                           *  2.842171E-14  5.447150E+01  0.000000E+00 *
                                           *  0.000000E+00  0.000000E+00  1.151539E+03 *
                                                                I(Q)
                                           *  1.151539E+03                             *
                                           *                5.447150E+01               *
                                           *                              1.151539E+03 *
                                                                 Q
                                           *  1.000000E+00  0.000000E+00  0.000000E+00 *
                                           *  0.000000E+00  1.000000E+00  0.000000E+00 *
                                           *  0.000000E+00  0.000000E+00  1.000000E+00 *

1    FLUTTER                                            **STUDENT EDITION* DECEMBER   9, 2023  MSC Nastran  3/30/23   PAGE     6
                                                                                                                                    
0                                                                                                                                   
1    FLUTTER                                            **STUDENT EDITION* DECEMBER   9, 2023  MSC Nastran  3/30/23   PAGE     7
                                                                                                                                    
0                                                                                                                                   
0 RESULTANTS ABOUT ORIGIN OF SUPERELEMENT BASIC COORDINATE SYSTEM IN SUPERELEMENT BASIC SYSTEM COORDINATES.

0                                                  OLOAD    RESULTANT       
  SUBCASE/    LOAD
  DAREA ID    TYPE       T1            T2            T3            R1            R2            R3
0        1     FX    0.000000E+00     ----          ----          ----       0.000000E+00  0.000000E+00                             
               FY       ----       0.000000E+00     ----       0.000000E+00     ----       0.000000E+00                             
               FZ       ----          ----       0.000000E+00  0.000000E+00  0.000000E+00     ----                                  
               MX       ----          ----          ----       0.000000E+00     ----          ----                                  
               MY       ----          ----          ----          ----       0.000000E+00     ----                                  
               MZ       ----          ----          ----          ----          ----       0.000000E+00                             
             TOTALS  0.000000E+00  0.000000E+00  0.000000E+00  0.000000E+00  0.000000E+00  0.000000E+00
 *** USER INFORMATION MESSAGE 5010 (LNCILS)
     STURM SEQUENCE DATA FOR EIGENVALUE EXTRACTION.
     TRIAL EIGENVALUE = 7.498483D+03, CYCLES = 1.378183D+01 THE STURM COUNT = 2
     User information:
     This message is automatic output during eigenvalue extraction.  This
     can be used, along with the list of eigenvalues, to identify the modes
     found. See the MSC NASTRAN Numerical Methods User's Guide.
 *** USER INFORMATION MESSAGE 5010 (LNCILS)
     STURM SEQUENCE DATA FOR EIGENVALUE EXTRACTION.
     TRIAL EIGENVALUE = 1.287963D+05, CYCLES = 5.711785D+01 THE STURM COUNT = 6
     User information:
     This message is automatic output during eigenvalue extraction.  This
     can be used, along with the list of eigenvalues, to identify the modes
     found. See the MSC NASTRAN Numerical Methods User's Guide.

 TABLE OF SHIFTS:  (LNNRIGL)
 SHIFT #        SHIFT VALUE         FREQUENCY, CYCLES     # EIGENVALUES BELOW    # NEW EIGENVALUES FOUND
     1.        7.4984826E+03          1.3781828E+01                 2                        7
     2.        1.2879633E+05          5.7117854E+01                 6                        0

1    FLUTTER                                            **STUDENT EDITION* DECEMBER   9, 2023  MSC Nastran  3/30/23   PAGE     8
                                                                                                                                    
0                                                                                                                                   
0


                          E I G E N V A L U E  A N A L Y S I S   S U M M A R Y   (READ MODULE) 



                                     BLOCK SIZE USED ......................     7

                                     NUMBER OF DECOMPOSITIONS .............     2

                                     NUMBER OF ROOTS FOUND ................     6

                                     NUMBER OF SOLVES REQUIRED ............     5

1    FLUTTER                                            **STUDENT EDITION* DECEMBER   9, 2023  MSC Nastran  3/30/23   PAGE     9
                                                                                                                                    
0                                                                                                                                   
 
                                              R E A L   E I G E N V A L U E S
                                         (BEFORE AUGMENTATION OF RESIDUAL VECTORS)
   MODE    EXTRACTION      EIGENVALUE            RADIANS             CYCLES            GENERALIZED         GENERALIZED
    NO.       ORDER                                                                       MASS              STIFFNESS
        1         1        1.139559E+03        3.375736E+01        5.372651E+00        1.212008E+02        1.381155E+05
        2         2        5.100750E+03        7.141954E+01        1.136677E+01        1.502545E+01        7.664105E+04
        3         3        1.191277E+04        1.091456E+02        1.737107E+01        1.088517E+02        1.296725E+06
        4         4        1.439309E+04        1.199712E+02        1.909401E+01        3.211451E+01        4.622271E+05
        5         5        5.324631E+04        2.307516E+02        3.672526E+01        6.665097E+01        3.548918E+06
        6         6        7.373306E+04        2.715383E+02        4.321667E+01        2.606020E+01        1.921498E+06
  
 *** SYSTEM INFORMATION MESSAGE 4159 (DFMSA)
     THE DECOMPOSITION OF KYY      YIELDS A MAXIMUM MATRIX-TO-FACTOR-DIAGONAL RATIO OF    1.000010E+05
 *** USER INFORMATION MESSAGE 5458 (REIG)
     QL HOUSEHOLDER METHOD IS AUTOMATICALLY SELECTED .
     User information:
     Based upon automatic selection criteria the eigensolution was changed
     to this method. To turn off this automatic selection, please set
     system cell 359 to 0. In the case of an original Lanczos method
     selection, setting the NE field to zero on the READ DMAP line will
     also turn off this automatic option.
 *** USER INFORMATION MESSAGE 5458 (REIG)
     QL HOUSEHOLDER METHOD IS AUTOMATICALLY SELECTED .
     User information:
     Based upon automatic selection criteria the eigensolution was changed
     to this method. To turn off this automatic selection, please set
     system cell 359 to 0. In the case of an original Lanczos method
     selection, setting the NE field to zero on the READ DMAP line will
     also turn off this automatic option.
 *** USER INFORMATION MESSAGE 5458 (REIG)
     QL HOUSEHOLDER METHOD IS AUTOMATICALLY SELECTED .
     User information:
     Based upon automatic selection criteria the eigensolution was changed
     to this method. To turn off this automatic selection, please set
     system cell 359 to 0. In the case of an original Lanczos method
     selection, setting the NE field to zero on the READ DMAP line will
     also turn off this automatic option.
1    FLUTTER                                            **STUDENT EDITION* DECEMBER   9, 2023  MSC Nastran  3/30/23   PAGE    10
                                                                                                                                    
0                                                                                                                                   
 
                                              R E A L   E I G E N V A L U E S
                                         (AFTER AUGMENTATION OF RESIDUAL VECTORS)
   MODE    EXTRACTION      EIGENVALUE            RADIANS             CYCLES            GENERALIZED         GENERALIZED
    NO.       ORDER                                                                       MASS              STIFFNESS
        1         1        1.139559E+03        3.375736E+01        5.372651E+00        1.212008E+02        1.381155E+05
        2         2        5.100750E+03        7.141954E+01        1.136677E+01        1.502545E+01        7.664105E+04
        3         3        1.191277E+04        1.091456E+02        1.737107E+01        1.088517E+02        1.296725E+06
        4         4        1.439309E+04        1.199712E+02        1.909401E+01        3.211451E+01        4.622271E+05
        5         5        5.324631E+04        2.307516E+02        3.672526E+01        6.665097E+01        3.548918E+06
        6         6        7.373306E+04        2.715383E+02        4.321667E+01        2.606020E+01        1.921498E+06
        7         7        2.054951E+05        4.533157E+02        7.214743E+01        1.000000E+00        2.054951E+05
        8         8        3.961964E+05        6.294413E+02        1.001787E+02        1.000000E+00        3.961964E+05
        9         9        4.615739E+05        6.793923E+02        1.081286E+02        1.000000E+00        4.615739E+05
       10        10        1.046904E+06        1.023183E+03        1.628447E+02        1.000000E+00        1.046904E+06
       11        11        4.584396E+06        2.141120E+03        3.407699E+02        1.000000E+00        4.584396E+06
       12        12        1.312172E+07        3.622391E+03        5.765214E+02        1.000000E+00        1.312172E+07
 *** USER INFORMATION MESSAGE 7588 (GKAM)
     BASED ON THE USER PARAMETERS LMODES, LFREQ OR HFREQ, ONLY        4 OF THE       12 COMPUTED STRUCTURE MODES
     (MODES        1 THROUGH        4) WILL BE USED IN THIS MODAL COMPLEX EIGENVALUE ANALYSIS
     (DETAILS OF THE EIGENVALUE DATA FOR THE MODES USED ARE GIVEN BELOW)
1    FLUTTER                                            **STUDENT EDITION* DECEMBER   9, 2023  MSC Nastran  3/30/23   PAGE    11
                                                                                                                                    
0                                                                                                                                   
 
                                              R E A L   E I G E N V A L U E S
                                        (ACTUAL MODES USED IN THE DYNAMIC ANALYSIS)
   MODE    EXTRACTION      EIGENVALUE            RADIANS             CYCLES            GENERALIZED         GENERALIZED
    NO.       ORDER                                                                       MASS              STIFFNESS
        1         1        1.139559E+03        3.375736E+01        5.372651E+00        1.212008E+02        1.381155E+05
        2         2        5.100750E+03        7.141954E+01        1.136677E+01        1.502545E+01        7.664105E+04
        3         3        1.191277E+04        1.091456E+02        1.737107E+01        1.088517E+02        1.296725E+06
        4         4        1.439309E+04        1.199712E+02        1.909401E+01        3.211451E+01        4.622271E+05


 A ZERO FREQUENCY ROOT HAS EMERGED.  WHEN THE MACH NO., DENSITY AND VELOCITY ARE COMPATIBLE
 IT MAY BE INTERPRETED TWO WAYS DEPENDING ON THE SIGN OF THE REAL PART:
   1. (-) A MODE IS CRITICALLY DAMPED, OR,
   2. (+) THE SYSTEM IS DIVERGING.
 ONLY THE MOST CRITICAL ( I.E., MOST POSITIVE REAL ROOTS )  ARE PRINTED IN THE FLUTTER SUMMARY.
 FOR INFORMATIONAL PURPOSES, THE REMAINING REAL ROOTS ARE PRINTED HERE.

      LESS CRITICAL REAL ROOTS FOR LOOP   18      MACH        VELOCITY        DENSITY
                                              5.29400E-01    1.80000E+02    1.00000E+00

         KFREQ          DAMPING                 COMPLEX EIGENVALUE

        0.0000     -2.7115638E+00       -4.8329829E+01        0.0000000E+00

      LESS CRITICAL REAL ROOTS FOR LOOP   19      MACH        VELOCITY        DENSITY
                                              5.58800E-01    1.90000E+02    1.00000E+00

         KFREQ          DAMPING                 COMPLEX EIGENVALUE

        0.0000     -3.5928706E+00       -6.7595549E+01        0.0000000E+00

      LESS CRITICAL REAL ROOTS FOR LOOP   20      MACH        VELOCITY        DENSITY
                                              5.88200E-01    2.00000E+02    1.00000E+00

         KFREQ          DAMPING                 COMPLEX EIGENVALUE

        0.0000     -4.1783189E+00       -8.2747428E+01        0.0000000E+00
1    FLUTTER                                            **STUDENT EDITION* DECEMBER   9, 2023  MSC Nastran  3/30/23   PAGE    12
                                                                                                                                    
0                                                                                                                                   
0                                                       FLUTTER  SUMMARY
                         CONFIGURATION = AEROSG2D     XY-SYMMETRY = ASYMMETRIC     XZ-SYMMETRY = ASYMMETRIC
       POINT =    1     METHOD = PKNL


    KFREQ          1./KFREQ       DENSITY     MACH NO.      VELOCITY       DAMPING     FREQUENCY      COMPLEX   EIGENVALUE
  11.7094       8.54012E-02   1.00000E+00   2.94000E-02   1.00000E+01  -2.35999E-02   5.32462E+00  -3.94774E-01   3.34555E+01
   5.8670       1.70445E-01   1.00000E+00   5.88000E-02   2.00000E+01  -4.92970E-02   5.33577E+00  -8.26357E-01   3.35256E+01
   3.9244       2.54818E-01   1.00000E+00   8.82000E-02   3.00000E+01  -7.63906E-02   5.35356E+00  -1.28479E+00   3.36374E+01
   2.9569       3.38195E-01   1.00000E+00   1.17600E-01   4.00000E+01  -1.05023E-01   5.37830E+00  -1.77452E+00   3.37929E+01
   2.3800       4.20167E-01   1.00000E+00   1.47100E-01   5.00000E+01  -1.35558E-01   5.41128E+00  -2.30449E+00   3.40001E+01
   1.9992       5.00209E-01   1.00000E+00   1.76500E-01   6.00000E+01  -1.68615E-01   5.45446E+00  -2.88934E+00   3.42714E+01
   1.7313       5.77606E-01   1.00000E+00   2.05900E-01   7.00000E+01  -2.05144E-01   5.51085E+00  -3.55162E+00   3.46257E+01
   1.5353       6.51351E-01   1.00000E+00   2.35300E-01   8.00000E+01  -2.46621E-01   5.58505E+00  -4.32719E+00   3.50919E+01
   1.3890       7.19934E-01   1.00000E+00   2.64700E-01   9.00000E+01  -2.95587E-01   5.68463E+00  -5.27882E+00   3.57176E+01
   1.2804       7.80977E-01   1.00000E+00   2.94100E-01   1.00000E+02  -3.57237E-01   5.82256E+00  -6.53461E+00   3.65842E+01
   1.2032       8.31146E-01   1.00000E+00   3.23500E-01   1.10000E+02  -4.45750E-01   6.01821E+00  -8.42770E+00   3.78135E+01
   1.1406       8.76712E-01   1.00000E+00   3.52900E-01   1.20000E+02  -6.10724E-01   6.22409E+00  -1.19418E+01   3.91071E+01
   1.0324       9.68604E-01   1.00000E+00   3.82400E-01   1.30000E+02  -8.83119E-01   6.10308E+00  -1.69324E+01   3.83468E+01
   0.8936       1.11912E+00   1.00000E+00   4.11800E-01   1.40000E+02  -1.20250E+00   5.68856E+00  -2.14900E+01   3.57423E+01
   0.7449       1.34247E+00   1.00000E+00   4.41200E-01   1.50000E+02  -1.60903E+00   5.08090E+00  -2.56836E+01   3.19242E+01
   0.5814       1.72013E+00   1.00000E+00   4.70600E-01   1.60000E+02  -2.23897E+00   4.22972E+00  -2.97516E+01   2.65761E+01
   0.3767       2.65449E+00   1.00000E+00   5.00000E-01   1.70000E+02  -3.69882E+00   2.91219E+00  -3.38402E+01   1.82978E+01
   0.0000       1.00000E+25   1.00000E+00   5.29400E-01   1.80000E+02  -1.55858E+00   0.00000E+00  -2.77795E+01   0.00000E+00
   0.0000       1.00000E+25   1.00000E+00   5.58800E-01   1.90000E+02  -9.23820E-01   0.00000E+00  -1.73806E+01   0.00000E+00
   0.0000       1.00000E+25   1.00000E+00   5.88200E-01   2.00000E+02  -5.91970E-01   0.00000E+00  -1.17234E+01   0.00000E+00
1    FLUTTER                                            **STUDENT EDITION* DECEMBER   9, 2023  MSC Nastran  3/30/23   PAGE    13
                                                                                                                                    
0                                                                                                                                   
0                                                       FLUTTER  SUMMARY
                         CONFIGURATION = AEROSG2D     XY-SYMMETRY = ASYMMETRIC     XZ-SYMMETRY = ASYMMETRIC
       POINT =    2     METHOD = PKNL


    KFREQ          1./KFREQ       DENSITY     MACH NO.      VELOCITY       DAMPING     FREQUENCY      COMPLEX   EIGENVALUE
  24.9383       4.00990E-02   1.00000E+00   2.94000E-02   1.00000E+01  -1.29744E-02   1.13401E+01  -4.62227E-01   7.12522E+01
  12.4214       8.05060E-02   1.00000E+00   5.88000E-02   2.00000E+01  -2.78882E-02   1.12968E+01  -9.89746E-01   7.09796E+01
   8.2253       1.21576E-01   1.00000E+00   8.82000E-02   3.00000E+01  -4.49582E-02   1.12208E+01  -1.58483E+00   7.05025E+01
   6.1077       1.63728E-01   1.00000E+00   1.17600E-01   4.00000E+01  -6.39341E-02   1.11094E+01  -2.23137E+00   6.98021E+01
   4.8202       2.07462E-01   1.00000E+00   1.47100E-01   5.00000E+01  -8.45063E-02   1.09593E+01  -2.90952E+00   6.88594E+01
   3.9463       2.53405E-01   1.00000E+00   1.76500E-01   6.00000E+01  -1.06413E-01   1.07669E+01  -3.59942E+00   6.76501E+01
   3.3071       3.02382E-01   1.00000E+00   2.05900E-01   7.00000E+01  -1.29401E-01   1.05267E+01  -4.27937E+00   6.61415E+01
   2.8125       3.55558E-01   1.00000E+00   2.35300E-01   8.00000E+01  -1.53018E-01   1.02313E+01  -4.91842E+00   6.42853E+01
   2.4114       4.14689E-01   1.00000E+00   2.64700E-01   9.00000E+01  -1.76174E-01   9.86897E+00  -5.46215E+00   6.20086E+01
   2.0718       4.82665E-01   1.00000E+00   2.94100E-01   1.00000E+02  -1.95765E-01   9.42121E+00  -5.79416E+00   5.91952E+01
   1.7715       5.64496E-01   1.00000E+00   3.23500E-01   1.10000E+02  -2.01016E-01   8.86102E+00  -5.59583E+00   5.56754E+01
   1.5073       6.63423E-01   1.00000E+00   3.52900E-01   1.20000E+02  -1.50980E-01   8.22513E+00  -3.90133E+00   5.16800E+01
   1.3253       7.54531E-01   1.00000E+00   3.82400E-01   1.30000E+02  -3.56805E-02   7.83463E+00  -8.78212E-01   4.92264E+01
   1.1988       8.34200E-01   1.00000E+00   4.11800E-01   1.40000E+02   6.42326E-02   7.63150E+00   1.53998E+00   4.79501E+01
   1.0956       9.12758E-01   1.00000E+00   4.41200E-01   1.50000E+02   1.44361E-01   7.47287E+00   3.38911E+00   4.69535E+01
   1.0068       9.93279E-01   1.00000E+00   4.70600E-01   1.60000E+02   2.11610E-01   7.32489E+00   4.86953E+00   4.60236E+01
   0.9286       1.07694E+00   1.00000E+00   5.00000E-01   1.70000E+02   2.69596E-01   7.17807E+00   6.07954E+00   4.51011E+01
   0.8588       1.16441E+00   1.00000E+00   5.29400E-01   1.80000E+02   3.19983E-01   7.02939E+00   7.06635E+00   4.41670E+01
   0.7961       1.25609E+00   1.00000E+00   5.58800E-01   1.90000E+02   3.63301E-01   6.87833E+00   7.85055E+00   4.32179E+01
   0.7396       1.35216E+00   1.00000E+00   5.88200E-01   2.00000E+02   3.99320E-01   6.72594E+00   8.43769E+00   4.22603E+01
1    FLUTTER                                            **STUDENT EDITION* DECEMBER   9, 2023  MSC Nastran  3/30/23   PAGE    14
                                                                                                                                    
0                                                                                                                                   
0                                                       FLUTTER  SUMMARY
                         CONFIGURATION = AEROSG2D     XY-SYMMETRY = ASYMMETRIC     XZ-SYMMETRY = ASYMMETRIC
       POINT =    3     METHOD = PKNL


    KFREQ          1./KFREQ       DENSITY     MACH NO.      VELOCITY       DAMPING     FREQUENCY      COMPLEX   EIGENVALUE
  38.2010       2.61773E-02   1.00000E+00   2.94000E-02   1.00000E+01  -3.15587E-16   1.73711E+01  -1.72225E-14   1.09146E+02
  19.1005       5.23547E-02   1.00000E+00   5.88000E-02   2.00000E+01  -2.58905E-16   1.73711E+01  -1.41292E-14   1.09146E+02
  12.7337       7.85320E-02   1.00000E+00   8.82000E-02   3.00000E+01   7.98972E-17   1.73711E+01   4.36022E-15   1.09146E+02
   9.5502       1.04709E-01   1.00000E+00   1.17600E-01   4.00000E+01  -5.85821E-17   1.73711E+01  -3.19699E-15   1.09146E+02
   7.6402       1.30887E-01   1.00000E+00   1.47100E-01   5.00000E+01  -2.57741E-17   1.73711E+01  -1.40657E-15   1.09146E+02
   6.3668       1.57064E-01   1.00000E+00   1.76500E-01   6.00000E+01   3.47658E-15   1.73711E+01   1.89727E-13   1.09146E+02
   5.4573       1.83241E-01   1.00000E+00   2.05900E-01   7.00000E+01   4.72669E-15   1.73711E+01   2.57949E-13   1.09146E+02
   4.7751       2.09419E-01   1.00000E+00   2.35300E-01   8.00000E+01  -8.19218E-16   1.73711E+01  -4.47071E-14   1.09146E+02
   4.2446       2.35596E-01   1.00000E+00   2.64700E-01   9.00000E+01   5.84731E-16   1.73711E+01   3.19104E-14   1.09146E+02
   3.8201       2.61773E-01   1.00000E+00   2.94100E-01   1.00000E+02   1.96160E-19   1.73711E+01   1.07050E-17   1.09146E+02
   3.4728       2.87951E-01   1.00000E+00   3.23500E-01   1.10000E+02   2.23671E-16   1.73711E+01   1.22063E-14   1.09146E+02
   3.1834       3.14128E-01   1.00000E+00   3.52900E-01   1.20000E+02  -2.06193E-16   1.73711E+01  -1.12525E-14   1.09146E+02
   2.9385       3.40305E-01   1.00000E+00   3.82400E-01   1.30000E+02   1.66385E-17   1.73711E+01   9.08011E-16   1.09146E+02
   2.7286       3.66483E-01   1.00000E+00   4.11800E-01   1.40000E+02   6.70773E-16   1.73711E+01   3.66060E-14   1.09146E+02
   2.5467       3.92660E-01   1.00000E+00   4.41200E-01   1.50000E+02  -1.22622E-15   1.73711E+01  -6.69182E-14   1.09146E+02
   2.3876       4.18837E-01   1.00000E+00   4.70600E-01   1.60000E+02  -1.69378E-15   1.73711E+01  -9.24346E-14   1.09146E+02
   2.2471       4.45015E-01   1.00000E+00   5.00000E-01   1.70000E+02  -4.99711E-15   1.73711E+01  -2.72707E-13   1.09146E+02
   2.1223       4.71192E-01   1.00000E+00   5.29400E-01   1.80000E+02  -5.39351E-15   1.73711E+01  -2.94339E-13   1.09146E+02
   2.0106       4.97369E-01   1.00000E+00   5.58800E-01   1.90000E+02  -6.77231E-15   1.73711E+01  -3.69584E-13   1.09146E+02
   1.9100       5.23547E-01   1.00000E+00   5.88200E-01   2.00000E+02  -1.08634E-14   1.73711E+01  -5.92847E-13   1.09146E+02
1    FLUTTER                                            **STUDENT EDITION* DECEMBER   9, 2023  MSC Nastran  3/30/23   PAGE    15
                                                                                                                                    
0                                                                                                                                   
0                                                       FLUTTER  SUMMARY
                         CONFIGURATION = AEROSG2D     XY-SYMMETRY = ASYMMETRIC     XZ-SYMMETRY = ASYMMETRIC
       POINT =    4     METHOD = PKNL


    KFREQ          1./KFREQ       DENSITY     MACH NO.      VELOCITY       DAMPING     FREQUENCY      COMPLEX   EIGENVALUE
  41.9417       2.38426E-02   1.00000E+00   2.94000E-02   1.00000E+01  -1.62002E-02   1.90721E+01  -9.70664E-01   1.19833E+02
  20.9504       4.77317E-02   1.00000E+00   5.88000E-02   2.00000E+01  -3.28054E-02   1.90535E+01  -1.96368E+00   1.19717E+02
  13.9439       7.17160E-02   1.00000E+00   8.82000E-02   3.00000E+01  -4.96386E-02   1.90220E+01  -2.96638E+00   1.19519E+02
  10.4332       9.58478E-02   1.00000E+00   1.17600E-01   4.00000E+01  -6.67795E-02   1.89771E+01  -3.98128E+00   1.19237E+02
   8.3206       1.20183E-01   1.00000E+00   1.47100E-01   5.00000E+01  -8.42706E-02   1.89181E+01  -5.00845E+00   1.18866E+02
   6.9069       1.44783E-01   1.00000E+00   1.76500E-01   6.00000E+01  -1.02153E-01   1.88445E+01  -6.04763E+00   1.18403E+02
   5.8922       1.69715E-01   1.00000E+00   2.05900E-01   7.00000E+01  -1.20483E-01   1.87556E+01  -7.09913E+00   1.17845E+02
   5.1268       1.95052E-01   1.00000E+00   2.35300E-01   8.00000E+01  -1.39326E-01   1.86506E+01  -8.16348E+00   1.17185E+02
   4.5274       2.20878E-01   1.00000E+00   2.64700E-01   9.00000E+01  -1.58761E-01   1.85286E+01  -9.24135E+00   1.16419E+02
   4.0439       2.47288E-01   1.00000E+00   2.94100E-01   1.00000E+02  -1.78874E-01   1.83886E+01  -1.03335E+01   1.15539E+02
   3.6444       2.74395E-01   1.00000E+00   3.23500E-01   1.10000E+02  -1.99768E-01   1.82292E+01  -1.14405E+01   1.14538E+02
   3.3077       3.02328E-01   1.00000E+00   3.52900E-01   1.20000E+02  -2.21556E-01   1.80490E+01  -1.25629E+01   1.13406E+02
   3.0189       3.31244E-01   1.00000E+00   3.82400E-01   1.30000E+02  -2.44382E-01   1.78463E+01  -1.37015E+01   1.12132E+02
   2.7676       3.61324E-01   1.00000E+00   4.11800E-01   1.40000E+02  -2.68367E-01   1.76191E+01  -1.48546E+01   1.10704E+02
   2.5459       3.92795E-01   1.00000E+00   4.41200E-01   1.50000E+02  -2.93692E-01   1.73651E+01  -1.60221E+01   1.09108E+02
   2.3478       4.25931E-01   1.00000E+00   4.70600E-01   1.60000E+02  -3.20556E-01   1.70817E+01  -1.72023E+01   1.07328E+02
   2.1688       4.61076E-01   1.00000E+00   5.00000E-01   1.70000E+02  -3.49196E-01   1.67660E+01  -1.83928E+01   1.05344E+02
   2.0054       4.98656E-01   1.00000E+00   5.29400E-01   1.80000E+02  -3.79906E-01   1.64144E+01  -1.95907E+01   1.03134E+02
   1.8545       5.39219E-01   1.00000E+00   5.58800E-01   1.90000E+02  -4.13059E-01   1.60229E+01  -2.07923E+01   1.00675E+02
   1.7139       5.83477E-01   1.00000E+00   5.88200E-01   2.00000E+02  -4.49159E-01   1.55869E+01  -2.19942E+01   9.79351E+01
 *** USER INFORMATION MESSAGE 4110 (OUTPX2)
                                 END-OF-DATA SIMULATION ON FORTRAN UNIT    12
                                 (MAXIMUM SIZE OF FORTRAN RECORDS WRITTEN =      1 WORDS.)
                                       (NUMBER OF FORTRAN RECORDS WRITTEN =      1 RECORDS.)
                                       (TOTAL DATA WRITTEN FOR EOF MARKER =      1 WORDS.)
1    FLUTTER                                            **STUDENT EDITION* DECEMBER   9, 2023  MSC Nastran  3/30/23   PAGE    16
                                                                                                                                    
0                                                                                                                                   
 * * * *  D B D I C T   P R I N T  * * * *      SUBDMAP = PRTSUM  ,  DMAP STATEMENT NO.     74



0                                   * * * *  A N A L Y S I S  S U M M A R Y  T A B L E  * * * *
0 SEID  PEID PROJ VERS APRCH      SEMG SEMR SEKR SELG SELR MODES DYNRED SOLLIN SOLNL LOOPID DESIGN CYCLE SENSITIVITY
 -------------------------------------------------------------------------------------------------------------------
     0     0    1    1 '        '    T    T    T    T    T     T      F      T     F     -1            0           F
0SEID = SUPERELEMENT ID.
 PEID = PRIMARY SUPERELEMENT ID OF IMAGE SUPERELEMENT.
 PROJ = PROJECT ID NUMBER.
 VERS = VERSION ID.
 APRCH = BLANK FOR STRUCTURAL ANALYSIS.  HEAT FOR HEAT TRANSFER ANALYSIS.
 SEMG = STIFFNESS AND MASS MATRIX GENERATION STEP.
 SEMR = MASS MATRIX REDUCTION STEP (INCLUDES EIGENVALUE SOLUTION FOR MODES).
 SEKR = STIFFNESS MATRIX REDUCTION STEP.
 SELG = LOAD MATRIX GENERATION STEP.
 SELR = LOAD MATRIX REDUCTION STEP. 
 MODES = T (TRUE) IF NORMAL MODES OR BUCKLING MODES CALCULATED.
 DYNRED = T (TRUE) MEANS GENERALIZED DYNAMIC AND/OR COMPONENT MODE REDUCTION PERFORMED.
 SOLLIN = T (TRUE) IF LINEAR SOLUTION EXISTS IN DATABASE.
 LOOPID = THE LAST LOOPID VALUE USED IN THE NONLINEAR ANALYSIS.  USEFUL FOR RESTARTS.
 SOLNL = T (TRUE) IF NONLINEAR SOLUTION EXISTS IN DATABASE.
 DESIGN CYCLE = THE LAST DESIGN CYCLE (ONLY VALID IN OPTIMIZATION).
 SENSITIVITY = SENSITIVITY MATRIX GENERATION FLAG.
 
 No PARAM values were set in the Control File.
 
1                                        * * * END OF JOB * * *
 
 
 No Symbolic Replacement variables or values were specified.

