1
 
 
 
 
                      Warning: This computer program is protected by copyright law and international treaties.       
                  Unauthorized use, reproduction or distribution of this computer program, or any portion of it, may 
                                          result in severe civil and criminal penalties.                             
                         Copyright (C) 2023 Hexagon AB and/or its subsidiaries. All rights reserved.                 
 
 
                                              * * * * * * * * * * * * * * * * * * * *
                                              * * * * * * * * * * * * * * * * * * * *
                                              * *                                 * *
                                              * *           Hexagon AB            * *
                                              * *                                 * *
                                              * *                                 * *
                                              * *      M S C   N a s t r a n      * *
                                              * *                                 * *
                                              * *  S T U D E N T   E D I T I O N  * *
                                              * *                                 * *
                                              * *     Version 2023.1-CL914096     * *
                                              * *                                 * *
                                              * *                                 * *
                                              * *                                 * *
                                              * *          MAR 30, 2023           * *
                                              * *                                 * *
                                              * *              Intel              * *
                                              * *MODEL Intel(R) Core(TM) i7-8750H * *
                                              * *    Windows 10 Home 6.2 9200     * *
                                              * * Compiled for 8664 (SINGLE Mode) * *
                                              * *                                 * *
                                              * * * * * * * * * * * * * * * * * * * *
                                              * * * * * * * * * * * * * * * * * * * *

 
 
                                                 This Student Edition version is  
                                                    valid until MAR 15, 2025.     
 
 
                  This program is being distributed as part of the Hexagon AB Student Edition. Use of this program   
                     or its results at a commercial installation, for commercial purposes, or for production work    
                                             I S   S T R I C T L Y  P R O H I B I T E D.                             
                  ==================================== FOR EDUCATIONAL USE ONLY =====================================
 
 
1News file - (February 21st, 2023)
  
               Welcome to MSC Nastran 2023.1
  
   MSC Nastran brings powerful new features and enhancements for engineering
   solutions in several releases through the year. Key enhancements in
   Version 2023.1 are summarized below. Addtional details can be found in
   the MSC Nastran Version 2023.1 Release Guide.
  
     MSC Nastran 2023.1 Features and Enhancements
  
     HPC
     - Reduced memory requirements for ACMS when large numbers of RBE3 elements
       are present in the model
     - Support for AMD AOCL libraries
  
     Documentation
     - The complete documentation set is provided in a separate installer and
       when installed is available at: MSC_DOC_DIR/doc/pdf_nastran directory,
       where MSC_DOC_DIR is the directory where documentation was installed.
       This help set includes cross references between documents, and links to
       how-to videos, and example files
  
     Individual MSC Nastran documents are available for download from the
       Simcompanion Website at:
       http://simcompanion.hexagon.com/
  
     These documents were updated for the MSC Nastran 2023.1 Release
  
         1.  MSC Nastran 2023.1 Installation and Operations Guide
         2.  MSC Nastran 2023.1 Quick Reference Guide
         3.  MSC Nastran 2023.1 Release Guide
         4.  MSC Nastran 2023.1 Linear Statics Analysis User's Guide
         5.  MSC Nastran 2023.1 Dynamic Analysis User's Guide
         6.  MSC Nastran 2023.1 Superelements User's Guide
         7.  MSC Nastran 2023.1 Rotordynamics User's Guide
         8.  MSC Nastran 2023.1 Demonstration Problems Manual
         9.  MSC Nastran 2023.1 Nastran Embedded Fatigue User's Guide
        10.  MSC Nastran 2023.1 Design Sensitivity and Optimization
        11.  MSC Nastran 2023.1 Nonlinear User's Guide SOL 400
        12.  MSC Nastran 2023.1 DMAP Programmer's Guide
        13.  MSC Nastran 2023.1 High Performance Computing User's Guide
        14.  MSC Nastran 2023.1 New Verification Manual
        15.  MSC Nastran 2023.1 DEMATD Guide
        16.  MSC Nastran 2023.1 Explicit Nonlinear (SOL 700) User's Guide
        17.  MSC Nastran 2023.1 ACMS User's Guide
  
   Please refer to  MSC_DOC_DIR/doc/pdf_nastran/nastran_library.pdf
   for the complete document set:
  
1 
   Additional information about the release can be found at the MSC Nastran
   Product Support page: http://simcompanion.hexagon.com
  
   The support page provides links to these valuable information:
      * A searchable Knowledge Base containing examples and answers to thousands
        of frequently asked questions written by MSC Software subject-matter
        experts.
      * Peer-to-peer Discussion Forums enabling you to post questions for your
        MSC Software products and receive answers from other users worldwide.
      * A list of known issues with the product and any workarounds.
      * Instructions on how to contact technical support
      * A mechanism for sending us product feedback or enhancement requests.
      * Hardware and software requirements.
      * Examples and Tutorials
      * and much more.
  
   For information on training, please visit our Training web site
  
      https://www.mscsoftware.com/msc-training
  
1                                                       **STUDENT EDITION*  JANUARY  13, 2024  MSC Nastran  3/30/23   PAGE     1
                                                                                                                                    
0        N A S T R A N    F I L E    A N D    S Y S T E M    P A R A M E T E R    E C H O                                           
0                                                                                                                                   
                                                                                                                                    
                                                                                                                                    
     NASTRAN BUFFSIZE=8193 $(D:/NASTRAN/NASTRAN/CONF/NAST20231.RCF[2])               
     INIT MASTER(S)                                                                  
     NASTRAN SYSTEM(319)=1                                                           
1                                                       **STUDENT EDITION*  JANUARY  13, 2024  MSC Nastran  3/30/23   PAGE     2
                                                                                                                                    
0        N A S T R A N    E X E C U T I V E    C O N T R O L    E C H O                                                             
0                                                                                                                                   
                                                                                                                                    
                                                                                                                                    
     ID PLANE2,FEMAP                                                                         
     SOL AESTAT                                                                              
     CEND                                                                                    
1    AILDEF                                             **STUDENT EDITION*  JANUARY  13, 2024  MSC Nastran  3/30/23   PAGE     3
                                                                                                                                    
0                                                                                                                                   
0                                        C A S E    C O N T R O L    E C H O                                                        
                 COMMAND                                                                                                            
                 COUNT                                                                                                              
                  1        TITLE = AILDEF                                                                        
                  2        ECHO = NONE                                                                           
                  3        DISPLACEMENT(PRINT) = ALL                                                             
                  4        SPCFORCE(PRINT) = ALL                                                                 
                  5        STRESS(PRINT,CORNER) = ALL                                                            
                  6        APRES = ALL                                                                           
                  7        AEROF = ALL                                                                           
                  8        SPC = 1                                                                               
                  9        TRIM = 1                                                                              
                 10      BEGIN BULK                                                                              
1    AILDEF                                             **STUDENT EDITION*  JANUARY  13, 2024  MSC Nastran  3/30/23   PAGE     4
                                                                                                                                    
0                                                                                                                                   
                                        M O D E L   S U M M A R Y          BULK = 0
                                   ENTRY NAME        NUMBER OF ENTRIES
                                   ----------        -----------------
                                       AELIST                        2
                                        AEROS                        1
                                       AESTAT                        1
                                       AESURF                        2
                                       CAERO1                        1
                                         CBAR                       10
                                        CONM2                       11
                                       CORD2C                        1
                                       CORD2R                        2
                                       CORD2S                        1
                                         GRID                       33
                                         MAT1                        1
                                       PAERO1                        1
                                        PARAM                        5
                                         PBAR                        1
                                         RBE2                       11
                                         SET1                        1
                                         SPC1                        1
                                      SPLINE1                        1
                                         TRIM                        1

 ^^^     
 ^^^ >>> IFP OPERATIONS COMPLETE <<< 
 ^^^     
 *** USER INFORMATION MESSAGE 4109 (OUTPX2)
     THE LABEL IS XXXXXXXX FOR FORTRAN UNIT    12
     (MAXIMUM SIZE OF FORTRAN RECORDS WRITTEN =          7 WORDS.)
           (NUMBER OF FORTRAN RECORDS WRITTEN =          8 RECORDS.)
                (TOTAL DATA WRITTEN FOR LABEL =         17 WORDS.)
1    AILDEF                                             **STUDENT EDITION*  JANUARY  13, 2024  MSC Nastran  3/30/23   PAGE     5
                                                                                                                                    
0                                                                                                                                   
                           O U T P U T   F R O M   G R I D   P O I N T   W E I G H T   G E N E R A T O R
0                                                     REFERENCE POINT =        0
                                                                M O
                      *  1.100000E+03  0.000000E+00  0.000000E+00  0.000000E+00  0.000000E+00  0.000000E+00 *
                      *  0.000000E+00  1.100000E+03  0.000000E+00  0.000000E+00  0.000000E+00  3.300000E+02 *
                      *  0.000000E+00  0.000000E+00  1.100000E+03  0.000000E+00 -3.300000E+02  0.000000E+00 *
                      *  0.000000E+00  0.000000E+00  0.000000E+00  1.100000E+04  0.000000E+00  0.000000E+00 *
                      *  0.000000E+00  0.000000E+00 -3.300000E+02  0.000000E+00  9.900000E+01  0.000000E+00 *
                      *  0.000000E+00  3.300000E+02  0.000000E+00  0.000000E+00  0.000000E+00  1.109900E+04 *
                                                                 S
                                           *  1.000000E+00  0.000000E+00  0.000000E+00 *
                                           *  0.000000E+00  1.000000E+00  0.000000E+00 *
                                           *  0.000000E+00  0.000000E+00  1.000000E+00 *
                               DIRECTION
                          MASS AXIS SYSTEM (S)     MASS              X-C.G.        Y-C.G.        Z-C.G.
                                  X            1.100000E+03      0.000000E+00  0.000000E+00  0.000000E+00
                                  Y            1.100000E+03      3.000000E-01  0.000000E+00  0.000000E+00
                                  Z            1.100000E+03      3.000000E-01  0.000000E+00  0.000000E+00
                                                                I(S)
                                           *  1.100000E+04  0.000000E+00  0.000000E+00 *
                                           *  0.000000E+00  0.000000E+00  0.000000E+00 *
                                           *  0.000000E+00  0.000000E+00  1.100000E+04 *
                                                                I(Q)
                                           *  1.100000E+04                             *
                                           *                0.000000E+00               *
                                           *                              1.100000E+04 *
                                                                 Q
                                           *  1.000000E+00  0.000000E+00  0.000000E+00 *
                                           *  0.000000E+00  1.000000E+00  0.000000E+00 *
                                           *  0.000000E+00  0.000000E+00  1.000000E+00 *

1    AILDEF                                             **STUDENT EDITION*  JANUARY  13, 2024  MSC Nastran  3/30/23   PAGE     6
                                                                                                                                    
0                                                                                                                                   
1    AILDEF                                             **STUDENT EDITION*  JANUARY  13, 2024  MSC Nastran  3/30/23   PAGE     7
                                                                                                                                    
0                                                                                                                                   
0 RESULTANTS ABOUT ORIGIN OF SUPERELEMENT BASIC COORDINATE SYSTEM IN SUPERELEMENT BASIC SYSTEM COORDINATES.

0                                                  OLOAD    RESULTANT       
  SUBCASE/    LOAD
  DAREA ID    TYPE       T1            T2            T3            R1            R2            R3
0        1     FX    0.000000E+00     ----          ----          ----       0.000000E+00  0.000000E+00                             
               FY       ----       0.000000E+00     ----       0.000000E+00     ----       0.000000E+00                             
               FZ       ----          ----       0.000000E+00  0.000000E+00  0.000000E+00     ----                                  
               MX       ----          ----          ----       0.000000E+00     ----          ----                                  
               MY       ----          ----          ----          ----       0.000000E+00     ----                                  
               MZ       ----          ----          ----          ----          ----       0.000000E+00                             
             TOTALS  0.000000E+00  0.000000E+00  0.000000E+00  0.000000E+00  0.000000E+00  0.000000E+00
  
 *** SYSTEM INFORMATION MESSAGE 4159 (DFMSA)
     THE DECOMPOSITION OF KLL      YIELDS A MAXIMUM MATRIX-TO-FACTOR-DIAGONAL RATIO OF    4.435871E+00
 ^^^     
 *** USER INFORMATION MESSAGE 9936 (SUBDMAP MAKPRBD)
     THE FOLLOWING RIGID BODY DEGREES OF FREEDOM ARE DEFINED TO BE SUPPORTED BY THE SUPDOF PARAMETER: (NONE)
 ^^^     
1    AILDEF                                             **STUDENT EDITION*  JANUARY  13, 2024  MSC Nastran  3/30/23   PAGE     8
                                                                                                                                    
0                                                                                                                                   

    N O N - D I M E N S I O N A L   S T A B I L I T Y   A N D   C O N T R O L   D E R I V A T I V E   C O E F F I C I E N T S

                         CONFIGURATION = AEROSG2D     XY-SYMMETRY = ASYMMETRIC     XZ-SYMMETRY = ASYMMETRIC
                                         MACH = 2.9412E-02                    Q = 6.1250E+01
                         CHORD = 1.0000E+00           SPAN = 1.0000E+01            AREA = 1.0000E+01


                TRANSFORMATION FROM BASIC TO REFERENCE COORDINATES:

              { X }        [  1.0000   0.0000   0.0000  ]  { X }         { 0.0000E+00 }
              { Y }    =   [  0.0000   1.0000   0.0000  ]  { Y }      +  { 0.0000E+00 }
              { Z }REF     [  0.0000   0.0000   1.0000  ]  { Z }BAS      { 0.0000E+00 }




    CONTROLLER STATE: INTERCEPT ONLY, ALL CONTROLLERS ARE ZERO

    TRIM VARIABLE   COEFFICIENT              RIGID                         ELASTIC                          INERTIAL
                                   UNSPLINED        SPLINED       RESTRAINED      UNRESTRAINED     RESTRAINED      UNRESTRAINED

    REF. COEFF.      CX         0.000000E+00    0.000000E+00     0.000000E+00        N/A          0.000000E+00        N/A
                     CY         0.000000E+00    0.000000E+00     0.000000E+00        N/A          0.000000E+00        N/A
                     CZ         0.000000E+00    0.000000E+00     0.000000E+00        N/A          0.000000E+00        N/A
                     CMX        0.000000E+00    0.000000E+00     0.000000E+00        N/A          0.000000E+00        N/A
                     CMY        0.000000E+00    0.000000E+00     0.000000E+00        N/A          0.000000E+00        N/A
                     CMZ        0.000000E+00    0.000000E+00     0.000000E+00        N/A          0.000000E+00        N/A

    LAIL             CX         0.000000E+00    0.000000E+00     0.000000E+00        N/A          0.000000E+00        N/A
                     CY         0.000000E+00    0.000000E+00     0.000000E+00        N/A          0.000000E+00        N/A
                     CZ         6.891953E-01    6.722883E-01     6.722883E-01        N/A          0.000000E+00        N/A
                     CMX       -2.146150E-01   -2.146150E-01    -2.146150E-01        N/A          0.000000E+00        N/A
                     CMY       -1.643905E-01   -1.644167E-01    -1.644167E-01        N/A          0.000000E+00        N/A
                     CMZ        0.000000E+00    0.000000E+00     0.000000E+00        N/A          0.000000E+00        N/A

    ANGLEA           CX         0.000000E+00    0.000000E+00     0.000000E+00        N/A          0.000000E+00        N/A
                     CY         0.000000E+00    0.000000E+00     0.000000E+00        N/A          0.000000E+00        N/A
                     CZ         5.013105E+00    4.446978E+00     4.446978E+00        N/A          0.000000E+00        N/A
                     CMX        3.001314E-17   -2.483999E-16    -2.483999E-16        N/A          0.000000E+00        N/A
                     CMY        2.459820E-02    2.162333E-02     2.162333E-02        N/A          0.000000E+00        N/A
                     CMZ        0.000000E+00    0.000000E+00     0.000000E+00        N/A          0.000000E+00        N/A

    RAIL             CX         0.000000E+00    0.000000E+00     0.000000E+00        N/A          0.000000E+00        N/A
                     CY         0.000000E+00    0.000000E+00     0.000000E+00        N/A          0.000000E+00        N/A
                     CZ         6.891953E-01    6.722883E-01     6.722883E-01        N/A          0.000000E+00        N/A
                     CMX        2.146150E-01    2.146150E-01     2.146150E-01        N/A          0.000000E+00        N/A
                     CMY       -1.643905E-01   -1.644167E-01    -1.644167E-01        N/A          0.000000E+00        N/A
                     CMZ        0.000000E+00    0.000000E+00     0.000000E+00        N/A          0.000000E+00        N/A
1    AILDEF                                             **STUDENT EDITION*  JANUARY  13, 2024  MSC Nastran  3/30/23   PAGE     9
                                                                                                                                    
0                                                                                                                                   

          N O N - D I M E N S I O N A L    H I N G E    M O M E N T    D E R I V A T I V E   C O E F F I C I E N T S



                         CONFIGURATION = AEROSG2D     XY-SYMMETRY = ASYMMETRIC     XZ-SYMMETRY = ASYMMETRIC
                                         MACH = 2.9412E-02                    Q = 6.1250E+01

          CONTROL SURFACE = LAIL         REFERENCE CHORD LENGTH =  2.500000E-01     REFERENCE AREA =  6.667000E-01

              TRIM VARIABLE               RIGID                             ELASTIC                            INERTIAL
                                                                 RESTRAINED      UNRESTRAINED         RESTRAINED      UNRESTRAINED
              AT REFERENCE         0.000000E+00                 0.000000E+00        N/A         0.000000E+00        N/A
              LAIL                -9.341840E-01                -9.341840E-01        N/A         0.000000E+00        N/A
              ANGLEA              -3.326107E-01                -3.326107E-01        N/A         0.000000E+00        N/A
              RAIL                -3.019510E-03                -3.019510E-03        N/A         0.000000E+00        N/A

          CONTROL SURFACE = RAIL         REFERENCE CHORD LENGTH =  2.500000E-01     REFERENCE AREA =  6.667000E-01

              TRIM VARIABLE               RIGID                             ELASTIC                            INERTIAL
                                                                 RESTRAINED      UNRESTRAINED         RESTRAINED      UNRESTRAINED
              AT REFERENCE         0.000000E+00                 0.000000E+00        N/A         0.000000E+00        N/A
              LAIL                -3.019510E-03                -3.019510E-03        N/A         0.000000E+00        N/A
              ANGLEA              -3.326107E-01                -3.326107E-01        N/A         0.000000E+00        N/A
              RAIL                -9.341840E-01                -9.341840E-01        N/A         0.000000E+00        N/A
1    AILDEF                                             **STUDENT EDITION*  JANUARY  13, 2024  MSC Nastran  3/30/23   PAGE    10
                                                                                                                                    
0                                                                                                                                   
                                                  INTERMEDIATE MATRIX ... UX      


                                                            COLUMN      1
     1                            1.000000E+00       8.726670E-02       0.000000E+00       0.000000E+00                           4

1    AILDEF                                             **STUDENT EDITION*  JANUARY  13, 2024  MSC Nastran  3/30/23   PAGE    11
                                                                                                                                    
0                                                                                                                                   
                                                  INTERMEDIATE MATRIX ... UXIFV   


                                                            COLUMN      1
     1                            9.127333E-01       8.726670E-02       0.000000E+00       0.000000E+00                           4

1    AILDEF                                             **STUDENT EDITION*  JANUARY  13, 2024  MSC Nastran  3/30/23   PAGE    12
                                                                                                                                    
0                                                                                                                                   

                               A E R O S T A T I C   D A T A   R E C O V E R Y   O U T P U T   T A B L E S
                         CONFIGURATION = AEROSG2D     XY-SYMMETRY = ASYMMETRIC     XZ-SYMMETRY = ASYMMETRIC
                                           MACH = 2.941180E-02                Q = 6.125000E+01
                         CHORD = 1.0000E+00           SPAN = 1.0000E+01            AREA = 1.0000E+01

          TRIM ALGORITHM USED: LINEAR TRIM SOLUTION WITHOUT REDUNDANT CONTROL SURFACES.                                           


                                                      AEROELASTIC TRIM VARIABLES

                                  ID     LABEL                 TYPE        TRIM STATUS      VALUE OF UX

                                         INTERCEPT          RIGID BODY           FIXED      1.000000E+00
                                   1     LAIL          CONTROL SURFACE           FIXED      8.726670E-02  RADIANS         
                                   1     ANGLEA             RIGID BODY           FIXED      0.000000E+00  RADIANS         
                                   2     RAIL          CONTROL SURFACE           FIXED      0.000000E+00  RADIANS         


                                           CONTROL SURFACE POSITION AND HINGE MOMENT RESULTS

                            ACTIVE LIMITS ARE FLAGGED WITH AN (A),  VIOLATED LIMITS ARE FLAGGED WITH A (V).

                                                POSITION                                         HINGE MOMENT
          CONTROL SURFACE      LOWER LIMIT       VALUE         UPPER LIMIT        LOWER LIMIT       VALUE         UPPER LIMIT
              LAIL           -1.570796E+00    8.726670E-02    1.570796E+00            N/A       -8.322572E-01         N/A      
              RAIL           -1.570796E+00    0.000000E+00    1.570796E+00            N/A       -2.690058E-03         N/A      
1    AILDEF                                             **STUDENT EDITION*  JANUARY  13, 2024  MSC Nastran  3/30/23   PAGE    13
                                                                                                                                    
0                                                                                                                                   

                               A E R O S T A T I C   D A T A   R E C O V E R Y   O U T P U T   T A B L E S
                         CONFIGURATION = AEROSG2D     XY-SYMMETRY = ASYMMETRIC     XZ-SYMMETRY = ASYMMETRIC
                                           MACH = 2.941180E-02                Q = 6.125000E+01
                         CHORD = 1.0000E+00           SPAN = 1.0000E+01            AREA = 1.0000E+01


                                        TRANSFORMATION FROM REFERENCE TO WIND AXES:
                                ANGLE OF ATTACK   =  0.000000E+00 RADIANS (     0.000000 DEGREES)
                                ANGLE OF SIDESLIP =  0.000000E+00 RADIANS (     0.000000 DEGREES)

                                      { X }          [  1.000000  0.000000  0.000000 ]  { X }
                                      { Y }          [  0.000000  1.000000  0.000000 ]  { Y }
                                      { Z }WIND =    [  0.000000  0.000000  1.000000 ]  { Z }REF


    STRUCTURAL  MONITOR POINT TOTAL VEHICLE COEFFICIENTS:
          AXIS         RIGID AIR  +  RESTRAINED INCR.  -  INERTIAL  +   RIGID-APPLIED + RESTRAINED INCR.  =  BALANCE
          ----         ---------     ----------------     --------      -------------   ----------------     -------
    BODY  CX          0.000000E+00     0.000000E+00     0.000000E+00     0.000000E+00     0.000000E+00     0.000000E+00
    WIND  CD          0.000000E+00     0.000000E+00     0.000000E+00     0.000000E+00     0.000000E+00     0.000000E+00
 
    BODY  CY          0.000000E+00     0.000000E+00     0.000000E+00     0.000000E+00     0.000000E+00     0.000000E+00
    WIND  CY-WIND     0.000000E+00     0.000000E+00     0.000000E+00     0.000000E+00     0.000000E+00     0.000000E+00
 
    BODY  CZ          5.866838E-02     0.000000E+00     0.000000E+00     0.000000E+00     0.000000E+00     5.866838E-02
    WIND  CL          5.866838E-02     0.000000E+00     0.000000E+00     0.000000E+00     0.000000E+00     5.866838E-02
 
    BODY  CMX        -1.872874E-02     0.000000E+00     0.000000E+00     0.000000E+00     0.000000E+00    -1.872874E-02
    WIND  CM-ROLL    -1.872874E-02     0.000000E+00     0.000000E+00     0.000000E+00     0.000000E+00    -1.872874E-02
 
    BODY  CMY        -1.434810E-02     0.000000E+00     0.000000E+00     0.000000E+00     0.000000E+00    -1.434810E-02
    WIND  CM-PITCH   -1.434810E-02     0.000000E+00     0.000000E+00     0.000000E+00     0.000000E+00    -1.434810E-02
 
    BODY  CMZ         0.000000E+00     0.000000E+00     0.000000E+00     0.000000E+00     0.000000E+00     0.000000E+00
    WIND  CM-YAW      0.000000E+00     0.000000E+00     0.000000E+00     0.000000E+00     0.000000E+00     0.000000E+00
 


    AERODYNAMIC MONITOR POINT TOTAL VEHICLE COEFFICIENTS:
          AXIS         RIGID AIR  +  RESTRAINED INCR.  -  INERTIAL  +   RIGID-APPLIED + RESTRAINED INCR.  =  BALANCE
          ----         ---------     ----------------     --------      -------------   ----------------     -------
    BODY  CX          0.000000E+00     0.000000E+00           N/A              N/A        0.000000E+00     0.000000E+00
    WIND  CD          0.000000E+00     0.000000E+00           N/A              N/A        0.000000E+00     0.000000E+00
 
    BODY  CY          0.000000E+00     0.000000E+00           N/A              N/A        0.000000E+00     0.000000E+00
    WIND  CY-WIND     0.000000E+00     0.000000E+00           N/A              N/A        0.000000E+00     0.000000E+00
 
    BODY  CZ          6.014380E-02     0.000000E+00           N/A              N/A        0.000000E+00     6.014380E-02
    WIND  CL          6.014380E-02     0.000000E+00           N/A              N/A        0.000000E+00     6.014380E-02
 
    BODY  CMX        -1.872874E-02     0.000000E+00           N/A              N/A        0.000000E+00    -1.872874E-02
    WIND  CM-ROLL    -1.872874E-02     0.000000E+00           N/A              N/A        0.000000E+00    -1.872874E-02
 
    BODY  CMY        -1.434582E-02     0.000000E+00           N/A              N/A        0.000000E+00    -1.434582E-02
    WIND  CM-PITCH   -1.434582E-02     0.000000E+00           N/A              N/A        0.000000E+00    -1.434582E-02
 
    BODY  CMZ         0.000000E+00     0.000000E+00           N/A              N/A        0.000000E+00     0.000000E+00
    WIND  CM-YAW      0.000000E+00     0.000000E+00           N/A              N/A        0.000000E+00     0.000000E+00
 
1    AILDEF                                             **STUDENT EDITION*  JANUARY  13, 2024  MSC Nastran  3/30/23   PAGE    14
                                                                                                                                    
0                                                                                                                                   

                               A E R O S T A T I C   D A T A   R E C O V E R Y   O U T P U T   T A B L E S
                         CONFIGURATION = AEROSG2D     XY-SYMMETRY = ASYMMETRIC     XZ-SYMMETRY = ASYMMETRIC
                                           MACH = 2.941180E-02                Q = 6.125000E+01
                         CHORD = 1.0000E+00           SPAN = 1.0000E+01            AREA = 1.0000E+01


                                            AERODYNAMIC PRESSURES ON THE AERODYNAMIC ELEMENTS

                                                             AERODYNAMIC PRES.       AERODYNAMIC
                                         GRID   LABEL          COEFFICIENTS           PRESSURES
                                           1     LS            1.230925E-01         7.539413E+00
                                           2     LS            9.397863E-02         5.756191E+00
                                           3     LS            1.299251E-01         7.957910E+00
                                           4     LS            3.129057E-01         1.916547E+01
                                           5     LS            1.685370E-01         1.032289E+01
                                           6     LS            1.250938E-01         7.661996E+00
                                           7     LS            1.584316E-01         9.703933E+00
                                           8     LS            3.348047E-01         2.050679E+01
                                           9     LS            1.757810E-01         1.076659E+01
                                          10     LS            1.290987E-01         7.907298E+00
                                          11     LS            1.612989E-01         9.879558E+00
                                          12     LS            3.365804E-01         2.061555E+01
                                          13     LS            1.505560E-01         9.221556E+00
                                          14     LS            1.099349E-01         6.733510E+00
                                          15     LS            1.415889E-01         8.672317E+00
                                          16     LS            3.201449E-01         1.960887E+01
                                          17     LS            9.711829E-02         5.948495E+00
                                          18     LS            5.657749E-02         3.465371E+00
                                          19     LS            4.611945E-02         2.824816E+00
                                          20     LS            3.304046E-02         2.023728E+00
                                          21     LS            6.035703E-02         3.696868E+00
                                          22     LS            3.125825E-02         1.914568E+00
                                          23     LS            2.202817E-02         1.349225E+00
                                          24     LS            1.385049E-02         8.483422E-01
                                          25     LS            3.970175E-02         2.431732E+00
                                          26     LS            1.955847E-02         1.197956E+00
                                          27     LS            1.317807E-02         8.071567E-01
                                          28     LS            8.019783E-03         4.912117E-01
                                          29     LS            2.765922E-02         1.694127E+00
                                          30     LS            1.325591E-02         8.119246E-01
                                          31     LS            8.738514E-03         5.352340E-01

          *** LABEL NOTATIONS:  LS = LIFTING SURFACE,   ZIB = Z INTERFERENCE BODY ELEMENT,  ZSB = Z SLENDER BODY ELEMENT,
                                                        YIB = Y INTERFERENCE BODY ELEMENT,  YSB = Y SLENDER BODY ELEMENT.
1    AILDEF                                             **STUDENT EDITION*  JANUARY  13, 2024  MSC Nastran  3/30/23   PAGE    15
                                                                                                                                    
0                                                                                                                                   

                               A E R O S T A T I C   D A T A   R E C O V E R Y   O U T P U T   T A B L E S
                         CONFIGURATION = AEROSG2D     XY-SYMMETRY = ASYMMETRIC     XZ-SYMMETRY = ASYMMETRIC
                                           MACH = 2.941180E-02                Q = 6.125000E+01
                         CHORD = 1.0000E+00           SPAN = 1.0000E+01            AREA = 1.0000E+01


                                            AERODYNAMIC PRESSURES ON THE AERODYNAMIC ELEMENTS

                                                             AERODYNAMIC PRES.       AERODYNAMIC
                                         GRID   LABEL          COEFFICIENTS           PRESSURES
                                          32     LS            5.238272E-03         3.208442E-01
                                          33     LS            2.016449E-02         1.235075E+00
                                          34     LS            9.489167E-03         5.812115E-01
                                          35     LS            6.167840E-03         3.777802E-01
                                          36     LS            3.661223E-03         2.242499E-01
                                          37     LS            1.521927E-02         9.321803E-01
                                          38     LS            7.066499E-03         4.328231E-01
                                          39     LS            4.545438E-03         2.784081E-01
                                          40     LS            2.678140E-03         1.640361E-01
                                          41     LS            1.178552E-02         7.218628E-01
                                          42     LS            5.414089E-03         3.316129E-01
                                          43     LS            3.453328E-03         2.115163E-01
                                          44     LS            2.022142E-03         1.238562E-01
                                          45     LS            9.280867E-03         5.684531E-01
                                          46     LS            4.223421E-03         2.586845E-01
                                          47     LS            2.673600E-03         1.637580E-01
                                          48     LS            1.556780E-03         9.535274E-02
                                          49     LS            7.343557E-03         4.497929E-01
                                          50     LS            3.307044E-03         2.025565E-01
                                          51     LS            2.076104E-03         1.271613E-01
                                          52     LS            1.201568E-03         7.359603E-02
                                          53     LS            5.696526E-03         3.489122E-01
                                          54     LS            2.519458E-03         1.543168E-01
                                          55     LS            1.560312E-03         9.556911E-02
                                          56     LS            8.953730E-04         5.484160E-02
                                          57     LS            3.967972E-03         2.430383E-01
                                          58     LS            1.653057E-03         1.012498E-01
                                          59     LS            9.903494E-04         6.065890E-02
                                          60     LS            5.625333E-04         3.445516E-02

          *** LABEL NOTATIONS:  LS = LIFTING SURFACE,   ZIB = Z INTERFERENCE BODY ELEMENT,  ZSB = Z SLENDER BODY ELEMENT,
                                                        YIB = Y INTERFERENCE BODY ELEMENT,  YSB = Y SLENDER BODY ELEMENT.
1    AILDEF                                             **STUDENT EDITION*  JANUARY  13, 2024  MSC Nastran  3/30/23   PAGE    16
                                                                                                                                    
0                                                                                                                                   

                               A E R O S T A T I C   D A T A   R E C O V E R Y   O U T P U T   T A B L E S
                         CONFIGURATION = AEROSG2D     XY-SYMMETRY = ASYMMETRIC     XZ-SYMMETRY = ASYMMETRIC
                                           MACH = 2.941180E-02                Q = 6.125000E+01
                         CHORD = 1.0000E+00           SPAN = 1.0000E+01            AREA = 1.0000E+01


                                             AERODYNAMIC FORCES ON THE AERODYNAMIC ELEMENTS

    GROUP  GRID ID  LABEL        T1                T2                T3                R1                R2                R3
        1        1   LS     0.000000E+00      0.000000E+00      1.256569E+00      0.000000E+00      7.853555E-02      0.000000E+00
        1        2   LS     0.000000E+00      0.000000E+00      9.593652E-01      0.000000E+00      5.996032E-02      0.000000E+00
        1        3   LS     0.000000E+00      0.000000E+00      1.326318E+00      0.000000E+00      8.289490E-02      0.000000E+00
        1        4   LS     0.000000E+00      0.000000E+00      3.194246E+00      0.000000E+00      1.996403E-01      0.000000E+00
        1        5   LS     0.000000E+00      0.000000E+00      1.720482E+00      0.000000E+00      1.075301E-01      0.000000E+00
        1        6   LS     0.000000E+00      0.000000E+00      1.276999E+00      0.000000E+00      7.981246E-02      0.000000E+00
        1        7   LS     0.000000E+00      0.000000E+00      1.617322E+00      0.000000E+00      1.010826E-01      0.000000E+00
        1        8   LS     0.000000E+00      0.000000E+00      3.417798E+00      0.000000E+00      2.136124E-01      0.000000E+00
        1        9   LS     0.000000E+00      0.000000E+00      1.794431E+00      0.000000E+00      1.121519E-01      0.000000E+00
        1       10   LS     0.000000E+00      0.000000E+00      1.317883E+00      0.000000E+00      8.236769E-02      0.000000E+00
        1       11   LS     0.000000E+00      0.000000E+00      1.646593E+00      0.000000E+00      1.029121E-01      0.000000E+00
        1       12   LS     0.000000E+00      0.000000E+00      3.435925E+00      0.000000E+00      2.147453E-01      0.000000E+00
        1       13   LS     0.000000E+00      0.000000E+00      1.536926E+00      0.000000E+00      9.605787E-02      0.000000E+00
        1       14   LS     0.000000E+00      0.000000E+00      1.122252E+00      0.000000E+00      7.014073E-02      0.000000E+00
        1       15   LS     0.000000E+00      0.000000E+00      1.445386E+00      0.000000E+00      9.033664E-02      0.000000E+00
        1       16   LS     0.000000E+00      0.000000E+00      3.268146E+00      0.000000E+00      2.042591E-01      0.000000E+00
        1       17   LS     0.000000E+00      0.000000E+00      9.914159E-01      0.000000E+00      6.196349E-02      0.000000E+00
        1       18   LS     0.000000E+00      0.000000E+00      5.775619E-01      0.000000E+00      3.609762E-02      0.000000E+00
        1       19   LS     0.000000E+00      0.000000E+00      4.708027E-01      0.000000E+00      2.942517E-02      0.000000E+00
        1       20   LS     0.000000E+00      0.000000E+00      3.372880E-01      0.000000E+00      2.108050E-02      0.000000E+00
        1       21   LS     0.000000E+00      0.000000E+00      6.161447E-01      0.000000E+00      3.850905E-02      0.000000E+00
        1       22   LS     0.000000E+00      0.000000E+00      3.190946E-01      0.000000E+00      1.994341E-02      0.000000E+00
        1       23   LS     0.000000E+00      0.000000E+00      2.248709E-01      0.000000E+00      1.405443E-02      0.000000E+00
        1       24   LS     0.000000E+00      0.000000E+00      1.413904E-01      0.000000E+00      8.836898E-03      0.000000E+00
        1       25   LS     0.000000E+00      0.000000E+00      4.052887E-01      0.000000E+00      2.533055E-02      0.000000E+00
        1       26   LS     0.000000E+00      0.000000E+00      1.996593E-01      0.000000E+00      1.247871E-02      0.000000E+00
        1       27   LS     0.000000E+00      0.000000E+00      1.345261E-01      0.000000E+00      8.407882E-03      0.000000E+00
        1       28   LS     0.000000E+00      0.000000E+00      8.186862E-02      0.000000E+00      5.116789E-03      0.000000E+00
        1       29   LS     0.000000E+00      0.000000E+00      2.823545E-01      0.000000E+00      1.764716E-02      0.000000E+00
        1       30   LS     0.000000E+00      0.000000E+00      1.353208E-01      0.000000E+00      8.457548E-03      0.000000E+00
        1       31   LS     0.000000E+00      0.000000E+00      8.920567E-02      0.000000E+00      5.575354E-03      0.000000E+00
        1       32   LS     0.000000E+00      0.000000E+00      5.347403E-02      0.000000E+00      3.342127E-03      0.000000E+00

          *** LABEL NOTATIONS:  LS = LIFTING SURFACE,   ZSB =  Z SLENDER BODY ELEMENT,  YSB =  Y SLENDER BODY ELEMENT,
                                                       ZYSB = ZY SLENDER BODY ELEMENT, EXTA = EXTERNAL AERO.
1    AILDEF                                             **STUDENT EDITION*  JANUARY  13, 2024  MSC Nastran  3/30/23   PAGE    17
                                                                                                                                    
0                                                                                                                                   

                               A E R O S T A T I C   D A T A   R E C O V E R Y   O U T P U T   T A B L E S
                         CONFIGURATION = AEROSG2D     XY-SYMMETRY = ASYMMETRIC     XZ-SYMMETRY = ASYMMETRIC
                                           MACH = 2.941180E-02                Q = 6.125000E+01
                         CHORD = 1.0000E+00           SPAN = 1.0000E+01            AREA = 1.0000E+01


                                             AERODYNAMIC FORCES ON THE AERODYNAMIC ELEMENTS

    GROUP  GRID ID  LABEL        T1                T2                T3                R1                R2                R3
        1       33   LS     0.000000E+00      0.000000E+00      2.058458E-01      0.000000E+00      1.286536E-02      0.000000E+00
        1       34   LS     0.000000E+00      0.000000E+00      9.686858E-02      0.000000E+00      6.054286E-03      0.000000E+00
        1       35   LS     0.000000E+00      0.000000E+00      6.296336E-02      0.000000E+00      3.935210E-03      0.000000E+00
        1       36   LS     0.000000E+00      0.000000E+00      3.737498E-02      0.000000E+00      2.335936E-03      0.000000E+00
        1       37   LS     0.000000E+00      0.000000E+00      1.553634E-01      0.000000E+00      9.710212E-03      0.000000E+00
        1       38   LS     0.000000E+00      0.000000E+00      7.213718E-02      0.000000E+00      4.508574E-03      0.000000E+00
        1       39   LS     0.000000E+00      0.000000E+00      4.640134E-02      0.000000E+00      2.900084E-03      0.000000E+00
        1       40   LS     0.000000E+00      0.000000E+00      2.733935E-02      0.000000E+00      1.708709E-03      0.000000E+00
        1       41   LS     0.000000E+00      0.000000E+00      1.203105E-01      0.000000E+00      7.519404E-03      0.000000E+00
        1       42   LS     0.000000E+00      0.000000E+00      5.526882E-02      0.000000E+00      3.454301E-03      0.000000E+00
        1       43   LS     0.000000E+00      0.000000E+00      3.525272E-02      0.000000E+00      2.203295E-03      0.000000E+00
        1       44   LS     0.000000E+00      0.000000E+00      2.064270E-02      0.000000E+00      1.290169E-03      0.000000E+00
        1       45   LS     0.000000E+00      0.000000E+00      9.474219E-02      0.000000E+00      5.921387E-03      0.000000E+00
        1       46   LS     0.000000E+00      0.000000E+00      4.311409E-02      0.000000E+00      2.694631E-03      0.000000E+00
        1       47   LS     0.000000E+00      0.000000E+00      2.729300E-02      0.000000E+00      1.705813E-03      0.000000E+00
        1       48   LS     0.000000E+00      0.000000E+00      1.589212E-02      0.000000E+00      9.932578E-04      0.000000E+00
        1       49   LS     0.000000E+00      0.000000E+00      7.496548E-02      0.000000E+00      4.685342E-03      0.000000E+00
        1       50   LS     0.000000E+00      0.000000E+00      3.375941E-02      0.000000E+00      2.109963E-03      0.000000E+00
        1       51   LS     0.000000E+00      0.000000E+00      2.119356E-02      0.000000E+00      1.324597E-03      0.000000E+00
        1       52   LS     0.000000E+00      0.000000E+00      1.226600E-02      0.000000E+00      7.666253E-04      0.000000E+00
        1       53   LS     0.000000E+00      0.000000E+00      5.815204E-02      0.000000E+00      3.634502E-03      0.000000E+00
        1       54   LS     0.000000E+00      0.000000E+00      2.571946E-02      0.000000E+00      1.607466E-03      0.000000E+00
        1       55   LS     0.000000E+00      0.000000E+00      1.592819E-02      0.000000E+00      9.955116E-04      0.000000E+00
        1       56   LS     0.000000E+00      0.000000E+00      9.140266E-03      0.000000E+00      5.712666E-04      0.000000E+00
        1       57   LS     0.000000E+00      0.000000E+00      4.050638E-02      0.000000E+00      2.531649E-03      0.000000E+00
        1       58   LS     0.000000E+00      0.000000E+00      1.687496E-02      0.000000E+00      1.054685E-03      0.000000E+00
        1       59   LS     0.000000E+00      0.000000E+00      1.010982E-02      0.000000E+00      6.318635E-04      0.000000E+00
        1       60   LS     0.000000E+00      0.000000E+00      5.742527E-03      0.000000E+00      3.589079E-04      0.000000E+00

          *** LABEL NOTATIONS:  LS = LIFTING SURFACE,   ZSB =  Z SLENDER BODY ELEMENT,  YSB =  Y SLENDER BODY ELEMENT,
                                                       ZYSB = ZY SLENDER BODY ELEMENT, EXTA = EXTERNAL AERO.
1    AILDEF                                             **STUDENT EDITION*  JANUARY  13, 2024  MSC Nastran  3/30/23   PAGE    18
                                                                                                                                    
0                                                                                                                                   

                              S T R U C T U R A L   M O N I T O R   P O I N T   I N T E G R A T E D   L O A D S
                         CONFIGURATION = AEROSG2D     XY-SYMMETRY = ASYMMETRIC     XZ-SYMMETRY = ASYMMETRIC
                                           MACH = 2.941180E-02                Q = 6.125000E+01

        CONTROLLER STATE:
        LAIL     =   8.7267E-02

        MONITOR POINT NAME = AEROSG2D          COMPONENT =                   CLASS = COEFFICIENT               
        LABEL = Full Vehicle Integrated Loads                           
         CP =        0          X =  0.00000E+00          Y =  0.00000E+00          Z =  0.00000E+00          CD =        0

          AXIS      RIGID AIR       ELASTIC REST.   RIGID APPLIED    REST. APPLIED   
          ----    -------------    -------------    -------------    -------------   
           CX     0.000000E+00     0.000000E+00     0.000000E+00     0.000000E+00
           CY     0.000000E+00     0.000000E+00     0.000000E+00     0.000000E+00
           CZ     3.593439E+01     3.593439E+01     0.000000E+00     0.000000E+00
           CMX   -1.147135E+02    -1.147135E+02     0.000000E+00     0.000000E+00
           CMY   -8.788214E+00    -8.788214E+00     0.000000E+00     0.000000E+00
           CMZ    0.000000E+00     0.000000E+00     0.000000E+00     0.000000E+00
1    AILDEF                                             **STUDENT EDITION*  JANUARY  13, 2024  MSC Nastran  3/30/23   PAGE    19
                                                                                                                                    
0                                                                                                                                   

                              A E R O D Y N A M I C   M O N I T O R   P O I N T   I N T E G R A T E D   L O A D S
                         CONFIGURATION = AEROSG2D     XY-SYMMETRY = ASYMMETRIC     XZ-SYMMETRY = ASYMMETRIC
                                           MACH = 2.941180E-02                Q = 6.125000E+01

        CONTROLLER STATE:
        LAIL     =   8.7267E-02

        MONITOR POINT NAME = AEROSG2D          COMPONENT =                   CLASS = COEFFICIENT               
        LABEL = Full Vehicle Integrated Loads                           
         CP =        0          X =  0.00000E+00          Y =  0.00000E+00          Z =  0.00000E+00          CD =        0

          AXIS      RIGID AIR       ELASTIC REST.  
          ----    -------------    -------------   
           CX     0.000000E+00     0.000000E+00
           CY     0.000000E+00     0.000000E+00
           CZ     3.683808E+01     3.683808E+01
           CMX   -1.147135E+02    -1.147135E+02
           CMY   -8.786814E+00    -8.786814E+00
           CMZ    0.000000E+00     0.000000E+00

        MONITOR POINT NAME = LAIL              COMPONENT = 1                 CLASS = HINGE MOMENT              
        LABEL = LAIL     - Control Surface Hinge Moment                 
         CP =        3          X =  0.00000E+00          Y =  0.00000E+00          Z =  0.00000E+00          CD =        3

          AXIS      RIGID AIR       ELASTIC REST.  
          ----    -------------    -------------   
           CMY   -8.322572E-01    -8.322572E-01

        MONITOR POINT NAME = RAIL              COMPONENT = 3                 CLASS = HINGE MOMENT              
        LABEL = RAIL     - Control Surface Hinge Moment                 
         CP =        4          X =  0.00000E+00          Y =  0.00000E+00          Z =  0.00000E+00          CD =        4

          AXIS      RIGID AIR       ELASTIC REST.  
          ----    -------------    -------------   
           CMY   -2.690058E-03    -2.690058E-03
1    AILDEF                                             **STUDENT EDITION*  JANUARY  13, 2024  MSC Nastran  3/30/23   PAGE    20
                                                                                                                                    
0                                                                                                                                   
0 RESULTANTS ABOUT ORIGIN OF SUPERELEMENT BASIC COORDINATE SYSTEM IN SUPERELEMENT BASIC SYSTEM COORDINATES.

0                                                  TRIMMED  OLOAD RESULTANT 
  SUBCASE/
  DAREA ID        T1             T2             T3             R1             R2             R3
0        1   0.0000000E+00  0.0000000E+00  3.6838077E+01 -1.1471355E+02 -8.7868138E+00  0.0000000E+00
1    AILDEF                                             **STUDENT EDITION*  JANUARY  13, 2024  MSC Nastran  3/30/23   PAGE    21
                                                                                                                                    
0                                                                                                                                   
0 RESULTANTS ABOUT ORIGIN OF SUPERELEMENT BASIC COORDINATE SYSTEM IN SUPERELEMENT BASIC SYSTEM COORDINATES.

0                                                  SPCFORCE RESULTANT       
  SUBCASE/    LOAD
  DAREA ID    TYPE       T1            T2            T3            R1            R2            R3
0        1     FX    0.000000E+00     ----          ----          ----       0.000000E+00  0.000000E+00                             
               FY       ----       0.000000E+00     ----       0.000000E+00     ----       0.000000E+00                             
               FZ       ----          ----      -3.683808E+01  0.000000E+00  0.000000E+00     ----                                  
               MX       ----          ----          ----       1.147135E+02     ----          ----                                  
               MY       ----          ----          ----          ----       8.786814E+00     ----                                  
               MZ       ----          ----          ----          ----          ----       0.000000E+00                             
             TOTALS  0.000000E+00  0.000000E+00 -3.683808E+01  1.147135E+02  8.786814E+00  0.000000E+00
 *** USER INFORMATION MESSAGE 4114 (OUTPX2)
     DATA BLOCK OQG1     WRITTEN ON FORTRAN UNIT    12 IN BINARY (LTLEND) FORMAT USING NDDL DESCRIPTION FOR OQG1, TRL =
                    101                 0               264                 0                 0                 0                 1
     NAME OF DATA BLOCK WRITTEN ON FORTRAN UNIT IS OQG1    
        (MAXIMUM POSSIBLE FORTRAN RECORD SIZE =       16386 WORDS.)
     (MAXIMUM SIZE OF FORTRAN RECORDS WRITTEN =         264 WORDS.)
           (NUMBER OF FORTRAN RECORDS WRITTEN =          20 RECORDS.)
           (TOTAL DATA WRITTEN FOR DATA BLOCK =         443 WORDS.)
 *** USER INFORMATION MESSAGE 4114 (OUTPX2)
     DATA BLOCK OUG1     WRITTEN ON FORTRAN UNIT    12 IN BINARY (LTLEND) FORMAT USING NDDL DESCRIPTION FOR OUG1, TRL =
                    101                 0               264                 0                 0                 0                 1
     NAME OF DATA BLOCK WRITTEN ON FORTRAN UNIT IS OUG1    
        (MAXIMUM POSSIBLE FORTRAN RECORD SIZE =       16386 WORDS.)
     (MAXIMUM SIZE OF FORTRAN RECORDS WRITTEN =         264 WORDS.)
           (NUMBER OF FORTRAN RECORDS WRITTEN =          20 RECORDS.)
           (TOTAL DATA WRITTEN FOR DATA BLOCK =         443 WORDS.)
1    AILDEF                                             **STUDENT EDITION*  JANUARY  13, 2024  MSC Nastran  3/30/23   PAGE    22
                                                                                                                                    
0                                                                                                                                   
 
                                             D I S P L A C E M E N T   V E C T O R
 
      POINT ID.   TYPE          T1             T2             T3             R1             R2             R3
             1      G      0.0            0.0            0.0            0.0            0.0            0.0
             2      G      0.0            0.0            3.915450E+00  -6.858604E+00  -5.707331E-01   0.0
             3      G      0.0            0.0            1.350906E+01  -1.139072E+01  -1.148037E+00   0.0
             4      G      0.0            0.0            2.650669E+01  -1.379687E+01  -1.681247E+00   0.0
             5      G      0.0            0.0            4.096265E+01  -1.463656E+01  -1.997057E+00   0.0
             6      G      0.0            0.0            5.571617E+01  -1.476502E+01  -2.066124E+00   0.0
             8      G      0.0            0.0            9.408429E-02   1.513886E-01   5.555507E-03   0.0
             9      G      0.0            0.0            2.962808E-01   2.301669E-01   1.022190E-02   0.0
            10      G      0.0            0.0            5.505279E-01   2.654640E-01   1.403171E-02   0.0
            11      G      0.0            0.0            8.251267E-01   2.774889E-01   1.714874E-02   0.0
            12      G      0.0            0.0            1.104628E+00   2.796985E-01   1.940448E-02   0.0
            13      G      0.0            0.0            5.519964E+01  -1.476502E+01  -2.066124E+00   0.0
            14      G      0.0            0.0            4.046338E+01  -1.463656E+01  -1.997057E+00   0.0
            15      G      0.0            0.0            2.608638E+01  -1.379687E+01  -1.681247E+00   0.0
            16      G      0.0            0.0            1.322205E+01  -1.139072E+01  -1.148037E+00   0.0
            17      G      0.0            0.0            3.772766E+00  -6.858604E+00  -5.707331E-01   0.0
            18      G      0.0            0.0            0.0            0.0            0.0            0.0
            19      G      0.0            0.0            9.547316E-02   1.513886E-01   5.555507E-03   0.0
            20      G      0.0            0.0            2.988363E-01   2.301669E-01   1.022190E-02   0.0
            21      G      0.0            0.0            5.540358E-01   2.654640E-01   1.403171E-02   0.0
            22      G      0.0            0.0            8.294139E-01   2.774889E-01   1.714874E-02   0.0
            23      G      0.0            0.0            1.109479E+00   2.796985E-01   1.940448E-02   0.0
            24      G      0.0            0.0            1.090074E+00   2.796985E-01   1.940448E-02   0.0
            25      G      0.0            0.0            8.122651E-01   2.774889E-01   1.714874E-02   0.0
            26      G      0.0            0.0            5.400041E-01   2.654640E-01   1.403171E-02   0.0
            27      G      0.0            0.0            2.886144E-01   2.301669E-01   1.022190E-02   0.0
            28      G      0.0            0.0            8.991765E-02   1.513886E-01   5.555507E-03   0.0
            29      G      0.0            0.0            0.0            0.0            0.0            0.0
            30      G      0.0            0.0            4.343499E+00  -6.858604E+00  -5.707331E-01   0.0
            31      G      0.0            0.0            1.437009E+01  -1.139072E+01  -1.148037E+00   0.0
            32      G      0.0            0.0            2.776762E+01  -1.379687E+01  -1.681247E+00   0.0
            33      G      0.0            0.0            4.246044E+01  -1.463656E+01  -1.997057E+00   0.0
            34      G      0.0            0.0            5.726577E+01  -1.476502E+01  -2.066124E+00   0.0
1    AILDEF                                             **STUDENT EDITION*  JANUARY  13, 2024  MSC Nastran  3/30/23   PAGE    23
                                                                                                                                    
0                                                                                                                                   
 
                               F O R C E S   O F   S I N G L E - P O I N T   C O N S T R A I N T
 
      POINT ID.   TYPE          T1             T2             T3             R1             R2             R3
             1      G      0.0            0.0           -3.683808E+01   1.147135E+02   8.786814E+00   0.0
1    AILDEF                                             **STUDENT EDITION*  JANUARY  13, 2024  MSC Nastran  3/30/23   PAGE    24
                                                                                                                                    
0                                                                                                                                   
 
                                 S T R E S S E S   I N   B A R   E L E M E N T S          ( C B A R )
  ELEMENT        SA1            SA2            SA3            SA4           AXIAL          SA-MAX         SA-MIN     M.S.-T
    ID.          SB1            SB2            SB3            SB4           STRESS         SB-MAX         SB-MIN     M.S.-C
0       1    5.629958E+04   5.629958E+04  -5.629958E+04  -5.629958E+04   0.0            5.629958E+04  -5.629958E+04 
             3.972088E+04   3.972088E+04  -3.972088E+04  -3.972088E+04                  3.972088E+04  -3.972088E+04 
0       2    3.972088E+04   3.972088E+04  -3.972088E+04  -3.972088E+04   0.0            3.972088E+04  -3.972088E+04 
             2.372879E+04   2.372879E+04  -2.372879E+04  -2.372879E+04                  2.372879E+04  -2.372879E+04 
0       3    2.372879E+04   2.372879E+04  -2.372879E+04  -2.372879E+04   0.0            2.372879E+04  -2.372879E+04 
             9.957236E+03   9.957236E+03  -9.957236E+03  -9.957236E+03                  9.957236E+03  -9.957236E+03 
0       4    9.957236E+03   9.957236E+03  -9.957236E+03  -9.957236E+03   0.0            9.957236E+03  -9.957236E+03 
             1.798448E+03   1.798448E+03  -1.798448E+03  -1.798448E+03                  1.798448E+03  -1.798448E+03 
0       5    1.798448E+03   1.798448E+03  -1.798448E+03  -1.798448E+03   0.0            1.798448E+03  -1.798448E+03 
             2.177387E-10   2.177387E-10  -2.177387E-10  -2.177387E-10                  2.177387E-10  -2.177387E-10 
0       6   -1.373290E+03  -1.373290E+03   1.373290E+03   1.373290E+03   0.0            1.373290E+03  -1.373290E+03 
            -7.461509E+02  -7.461509E+02   7.461509E+02   7.461509E+02                  7.461509E+02  -7.461509E+02 
0       7   -7.461509E+02  -7.461509E+02   7.461509E+02   7.461509E+02   0.0            7.461509E+02  -7.461509E+02 
            -3.567455E+02  -3.567455E+02   3.567455E+02   3.567455E+02                  3.567455E+02  -3.567455E+02 
0       8   -3.567455E+02  -3.567455E+02   3.567455E+02   3.567455E+02   0.0            3.567455E+02  -3.567455E+02 
            -1.374137E+02  -1.374137E+02   1.374137E+02   1.374137E+02                  1.374137E+02  -1.374137E+02 
0       9   -1.374137E+02  -1.374137E+02   1.374137E+02   1.374137E+02   0.0            1.374137E+02  -1.374137E+02 
            -3.093479E+01  -3.093479E+01   3.093479E+01   3.093479E+01                  3.093479E+01  -3.093479E+01 
0      10   -3.093479E+01  -3.093479E+01   3.093479E+01   3.093479E+01   0.0            3.093479E+01  -3.093479E+01 
            -3.402168E-12  -3.402168E-12   3.402168E-12   3.402168E-12                  3.402168E-12  -3.402168E-12 
 *** USER INFORMATION MESSAGE 4114 (OUTPX2)
     DATA BLOCK OES1X1   WRITTEN ON FORTRAN UNIT    12 IN BINARY (LTLEND) FORMAT USING NDDL DESCRIPTION FOR OES1X1, TRL =
                    101                63                 1                13                24                 0                 1
     NAME OF DATA BLOCK WRITTEN ON FORTRAN UNIT IS OES1X1  
        (MAXIMUM POSSIBLE FORTRAN RECORD SIZE =       16386 WORDS.)
     (MAXIMUM SIZE OF FORTRAN RECORDS WRITTEN =         160 WORDS.)
           (NUMBER OF FORTRAN RECORDS WRITTEN =          20 RECORDS.)
           (TOTAL DATA WRITTEN FOR DATA BLOCK =         339 WORDS.)
 *** USER INFORMATION MESSAGE 4110 (OUTPX2)
                                 END-OF-DATA SIMULATION ON FORTRAN UNIT    12
                                 (MAXIMUM SIZE OF FORTRAN RECORDS WRITTEN =      1 WORDS.)
                                       (NUMBER OF FORTRAN RECORDS WRITTEN =      1 RECORDS.)
                                       (TOTAL DATA WRITTEN FOR EOF MARKER =      1 WORDS.)
1    AILDEF                                             **STUDENT EDITION*  JANUARY  13, 2024  MSC Nastran  3/30/23   PAGE    25
                                                                                                                                    
0                                                                                                                                   
 * * * *  D B D I C T   P R I N T  * * * *      SUBDMAP = PRTSUM  ,  DMAP STATEMENT NO.     74



0                                   * * * *  A N A L Y S I S  S U M M A R Y  T A B L E  * * * *
0 SEID  PEID PROJ VERS APRCH      SEMG SEMR SEKR SELG SELR MODES DYNRED SOLLIN SOLNL LOOPID DESIGN CYCLE SENSITIVITY
 -------------------------------------------------------------------------------------------------------------------
     0     0    1    1 '        '    T    T    T    T    T     F      F      T     F     -1            0           F
0SEID = SUPERELEMENT ID.
 PEID = PRIMARY SUPERELEMENT ID OF IMAGE SUPERELEMENT.
 PROJ = PROJECT ID NUMBER.
 VERS = VERSION ID.
 APRCH = BLANK FOR STRUCTURAL ANALYSIS.  HEAT FOR HEAT TRANSFER ANALYSIS.
 SEMG = STIFFNESS AND MASS MATRIX GENERATION STEP.
 SEMR = MASS MATRIX REDUCTION STEP (INCLUDES EIGENVALUE SOLUTION FOR MODES).
 SEKR = STIFFNESS MATRIX REDUCTION STEP.
 SELG = LOAD MATRIX GENERATION STEP.
 SELR = LOAD MATRIX REDUCTION STEP. 
 MODES = T (TRUE) IF NORMAL MODES OR BUCKLING MODES CALCULATED.
 DYNRED = T (TRUE) MEANS GENERALIZED DYNAMIC AND/OR COMPONENT MODE REDUCTION PERFORMED.
 SOLLIN = T (TRUE) IF LINEAR SOLUTION EXISTS IN DATABASE.
 LOOPID = THE LAST LOOPID VALUE USED IN THE NONLINEAR ANALYSIS.  USEFUL FOR RESTARTS.
 SOLNL = T (TRUE) IF NONLINEAR SOLUTION EXISTS IN DATABASE.
 DESIGN CYCLE = THE LAST DESIGN CYCLE (ONLY VALID IN OPTIMIZATION).
 SENSITIVITY = SENSITIVITY MATRIX GENERATION FLAG.
 
 No PARAM values were set in the Control File.
 
1                                        * * * END OF JOB * * *
 
 
 No Symbolic Replacement variables or values were specified.

